<testsuite errors="8" failures="0" name="nosetests" skip="0" tests="15"><testcase classname="mdts.tests.functional_tests.test_bridge" name="test_mac_learning (with_bindings on single MM) (with_failure no_failure)" time="9.517" /><testcase classname="mdts.tests.functional_tests.test_bridge" name="test_mac_learning (with_bindings spanning across two MM) (with_failure no_failure)" time="9.323" /><testcase classname="mdts.tests.functional_tests.test_bridge" name="test_dhcp (with_bindings binding for dhcp test)" time="15.364" /><testcase classname="mdts.tests.functional_tests.test_bridge" name="test_icmp (with_bindings on single MM) (with_failure no_failure)" time="1.155" /><testcase classname="mdts.tests.functional_tests.test_bridge" name="test_icmp (with_bindings spanning across two MM) (with_failure no_failure)" time="1.161" /><testcase classname="mdts.tests.functional_tests.test_bridge" name="test_icmp (with_bindings on single MM) (with_failure netif_failure ns002 eth0)" time="1.157" /><testcase classname="mdts.tests.functional_tests.test_bridge" name="test_icmp (with_bindings spanning across two MM) (with_failure netif_failure ns002 eth0)" time="1.135" /><testcase classname="nose.failure.Failure" name="runTest" time="9.245"><error message="[Errno 111] Connection refused&#10;-------------------- &gt;&gt; begin captured logging &lt;&lt; --------------------&#10;2015-03-09 02:17:53,316 api_lib#do_request(62) do_request: uri=http://localhost:8080/midonet-api/hosts/00000000-0000-0000-0000-000000000001, method=GET&#10;2015-03-09 02:17:53,316 api_lib#do_request(63) do_request: body=None&#10;2015-03-09 02:17:53,316 api_lib#do_request(64) do_request: headers={'Content-Type': 'application/vnd.org.midonet.Host-v2+json', 'Accept': 'application/vnd.org.midonet.Host-v2+json', 'X-Auth-Token': '999888777666'}&#10;2015-03-09 02:17:53,345 api_lib#do_request(79) do_request: response={'status': '200', 'content-length': '394', 'content-location': u'http://localhost:8080/midonet-api/hosts/00000000-0000-0000-0000-000000000001', 'access-control-expose-headers': 'Location', 'server': 'Apache-Coyote/1.1', 'date': 'Mon, 09 Mar 2015 02:17:53 GMT', 'access-control-allow-origin': '*', 'access-control-allow-methods': 'GET, POST, PUT, DELETE, OPTIONS', 'content-type': 'application/vnd.org.midonet.Host-v2+json'} | content={&quot;id&quot;:&quot;00000000-0000-0000-0000-000000000001&quot;,&quot;name&quot;:&quot;renard&quot;,&quot;addresses&quot;:[],&quot;alive&quot;:true,&quot;floodingProxyWeight&quot;:1,&quot;ports&quot;:&quot;http://localhost:8080/midonet-api/hosts/00000000-0000-0000-0000-000000000001/ports&quot;,&quot;uri&quot;:&quot;http://localhost:8080/midonet-api/hosts/00000000-0000-0000-0000-000000000001&quot;,&quot;interfaces&quot;:&quot;http://localhost:8080/midonet-api/hosts/00000000-0000-0000-0000-000000000001/interfaces&quot;}&#10;2015-03-09 02:17:53,345 api_lib#do_request(62) do_request: uri=http://localhost:8080/midonet-api/hosts/00000000-0000-0000-0000-000000000001/ports, method=GET&#10;2015-03-09 02:17:53,346 api_lib#do_request(63) do_request: body=None&#10;2015-03-09 02:17:53,346 api_lib#do_request(64) do_request: headers={'Accept': 'application/vnd.org.midonet.collection.HostInterfacePort-v1+json', 'X-Auth-Token': '999888777666'}&#10;2015-03-09 02:17:53,352 api_lib#do_request(79) do_request: response={'status': '200', 'content-length': '429', 'content-location': u'http://localhost:8080/midonet-api/hosts/00000000-0000-0000-0000-000000000001/ports', 'access-control-expose-headers': 'Location', 'server': 'Apache-Coyote/1.1', 'date': 'Mon, 09 Mar 2015 02:17:53 GMT', 'access-control-allow-origin': '*', 'access-control-allow-methods': 'GET, POST, PUT, DELETE, OPTIONS', 'content-type': 'application/vnd.org.midonet.collection.HostInterfacePort-v1+json'} | content=[{&quot;hostId&quot;:&quot;00000000-0000-0000-0000-000000000001&quot;,&quot;portId&quot;:&quot;a0871b2c-7b6b-4044-9f6d-e9487d94b300&quot;,&quot;interfaceName&quot;:&quot;if-0001-001&quot;,&quot;uri&quot;:&quot;http://localhost:8080/midonet-api/hosts/00000000-0000-0000-0000-000000000001/ports/a0871b2c-7b6b-4044-9f6d-e9487d94b300&quot;,&quot;host&quot;:&quot;http://localhost:8080/midonet-api/hosts/00000000-0000-0000-0000-000000000001&quot;,&quot;port&quot;:&quot;http://localhost:8080/midonet-api/ports/a0871b2c-7b6b-4044-9f6d-e9487d94b300&quot;}]&#10;2015-03-09 02:17:53,353 api_lib#do_request(62) do_request: uri=http://localhost:8080/midonet-api/hosts/00000000-0000-0000-0000-000000000001/ports/a0871b2c-7b6b-4044-9f6d-e9487d94b300, method=DELETE&#10;2015-03-09 02:17:53,353 api_lib#do_request(63) do_request: body=None&#10;2015-03-09 02:17:53,353 api_lib#do_request(64) do_request: headers={'X-Auth-Token': '999888777666'}&#10;2015-03-09 02:17:53,377 api_lib#do_request(79) do_request: response={'status': '204', 'access-control-expose-headers': 'Location', 'server': 'Apache-Coyote/1.1', 'date': 'Mon, 09 Mar 2015 02:17:53 GMT', 'access-control-allow-origin': '*', 'access-control-allow-methods': 'GET, POST, PUT, DELETE, OPTIONS'} | content=&#10;2015-03-09 02:17:53,377 api_lib#do_request(62) do_request: uri=http://localhost:8080/midonet-api/hosts/00000000-0000-0000-0000-000000000002, method=GET&#10;2015-03-09 02:17:53,377 api_lib#do_request(63) do_request: body=None&#10;2015-03-09 02:17:53,377 api_lib#do_request(64) do_request: headers={'Content-Type': 'application/vnd.org.midonet.Host-v2+json', 'Accept': 'application/vnd.org.midonet.Host-v2+json', 'X-Auth-Token': '999888777666'}&#10;2015-03-09 02:17:53,418 api_lib#do_request(79) do_request: response={'status': '200', 'content-length': '394', 'content-location': u'http://localhost:8080/midonet-api/hosts/00000000-0000-0000-0000-000000000002', 'access-control-expose-headers': 'Location', 'server': 'Apache-Coyote/1.1', 'date': 'Mon, 09 Mar 2015 02:17:53 GMT', 'access-control-allow-origin': '*', 'access-control-allow-methods': 'GET, POST, PUT, DELETE, OPTIONS', 'content-type': 'application/vnd.org.midonet.Host-v2+json'} | content={&quot;id&quot;:&quot;00000000-0000-0000-0000-000000000002&quot;,&quot;name&quot;:&quot;renard&quot;,&quot;addresses&quot;:[],&quot;alive&quot;:true,&quot;floodingProxyWeight&quot;:1,&quot;ports&quot;:&quot;http://localhost:8080/midonet-api/hosts/00000000-0000-0000-0000-000000000002/ports&quot;,&quot;uri&quot;:&quot;http://localhost:8080/midonet-api/hosts/00000000-0000-0000-0000-000000000002&quot;,&quot;interfaces&quot;:&quot;http://localhost:8080/midonet-api/hosts/00000000-0000-0000-0000-000000000002/interfaces&quot;}&#10;2015-03-09 02:17:53,418 api_lib#do_request(62) do_request: uri=http://localhost:8080/midonet-api/hosts/00000000-0000-0000-0000-000000000002/ports, method=GET&#10;2015-03-09 02:17:53,418 api_lib#do_request(63) do_request: body=None&#10;2015-03-09 02:17:53,418 api_lib#do_request(64) do_request: headers={'Accept': 'application/vnd.org.midonet.collection.HostInterfacePort-v1+json', 'X-Auth-Token': '999888777666'}&#10;2015-03-09 02:17:53,427 api_lib#do_request(79) do_request: response={'status': '200', 'content-length': '857', 'content-location': u'http://localhost:8080/midonet-api/hosts/00000000-0000-0000-0000-000000000002/ports', 'access-control-expose-headers': 'Location', 'server': 'Apache-Coyote/1.1', 'date': 'Mon, 09 Mar 2015 02:17:53 GMT', 'access-control-allow-origin': '*', 'access-control-allow-methods': 'GET, POST, PUT, DELETE, OPTIONS', 'content-type': 'application/vnd.org.midonet.collection.HostInterfacePort-v1+json'} | content=[{&quot;hostId&quot;:&quot;00000000-0000-0000-0000-000000000002&quot;,&quot;portId&quot;:&quot;2494126b-e06f-4ec2-8667-16f66d068e7a&quot;,&quot;interfaceName&quot;:&quot;if-0002-002&quot;,&quot;uri&quot;:&quot;http://localhost:8080/midonet-api/hosts/00000000-0000-0000-0000-000000000002/ports/2494126b-e06f-4ec2-8667-16f66d068e7a&quot;,&quot;host&quot;:&quot;http://localhost:8080/midonet-api/hosts/00000000-0000-0000-0000-000000000002&quot;,&quot;port&quot;:&quot;http://localhost:8080/midonet-api/ports/2494126b-e06f-4ec2-8667-16f66d068e7a&quot;},{&quot;hostId&quot;:&quot;00000000-0000-0000-0000-000000000002&quot;,&quot;portId&quot;:&quot;a98e31ff-ff43-4c24-a0dd-696782adf0ca&quot;,&quot;interfaceName&quot;:&quot;if-0002-003&quot;,&quot;uri&quot;:&quot;http://localhost:8080/midonet-api/hosts/00000000-0000-0000-0000-000000000002/ports/a98e31ff-ff43-4c24-a0dd-696782adf0ca&quot;,&quot;host&quot;:&quot;http://localhost:8080/midonet-api/hosts/00000000-0000-0000-0000-000000000002&quot;,&quot;port&quot;:&quot;http://localhost:8080/midonet-api/ports/a98e31ff-ff43-4c24-a0dd-696782adf0ca&quot;}]&#10;2015-03-09 02:17:53,427 api_lib#do_request(62) do_request: uri=http://localhost:8080/midonet-api/hosts/00000000-0000-0000-0000-000000000002/ports/2494126b-e06f-4ec2-8667-16f66d068e7a, method=DELETE&#10;2015-03-09 02:17:53,427 api_lib#do_request(63) do_request: body=None&#10;2015-03-09 02:17:53,427 api_lib#do_request(64) do_request: headers={'X-Auth-Token': '999888777666'}&#10;2015-03-09 02:17:53,439 api_lib#do_request(79) do_request: response={'status': '204', 'access-control-expose-headers': 'Location', 'server': 'Apache-Coyote/1.1', 'date': 'Mon, 09 Mar 2015 02:17:53 GMT', 'access-control-allow-origin': '*', 'access-control-allow-methods': 'GET, POST, PUT, DELETE, OPTIONS'} | content=&#10;2015-03-09 02:17:53,439 api_lib#do_request(62) do_request: uri=http://localhost:8080/midonet-api/hosts/00000000-0000-0000-0000-000000000002, method=GET&#10;2015-03-09 02:17:53,439 api_lib#do_request(63) do_request: body=None&#10;2015-03-09 02:17:53,439 api_lib#do_request(64) do_request: headers={'Content-Type': 'application/vnd.org.midonet.Host-v2+json', 'Accept': 'application/vnd.org.midonet.Host-v2+json', 'X-Auth-Token': '999888777666'}&#10;2015-03-09 02:17:53,487 api_lib#do_request(79) do_request: response={'status': '200', 'content-length': '394', 'content-location': u'http://localhost:8080/midonet-api/hosts/00000000-0000-0000-0000-000000000002', 'access-control-expose-headers': 'Location', 'server': 'Apache-Coyote/1.1', 'date': 'Mon, 09 Mar 2015 02:17:53 GMT', 'access-control-allow-origin': '*', 'access-control-allow-methods': 'GET, POST, PUT, DELETE, OPTIONS', 'content-type': 'application/vnd.org.midonet.Host-v2+json'} | content={&quot;id&quot;:&quot;00000000-0000-0000-0000-000000000002&quot;,&quot;name&quot;:&quot;renard&quot;,&quot;addresses&quot;:[],&quot;alive&quot;:true,&quot;floodingProxyWeight&quot;:1,&quot;ports&quot;:&quot;http://localhost:8080/midonet-api/hosts/00000000-0000-0000-0000-000000000002/ports&quot;,&quot;uri&quot;:&quot;http://localhost:8080/midonet-api/hosts/00000000-0000-0000-0000-000000000002&quot;,&quot;interfaces&quot;:&quot;http://localhost:8080/midonet-api/hosts/00000000-0000-0000-0000-000000000002/interfaces&quot;}&#10;2015-03-09 02:17:53,487 api_lib#do_request(62) do_request: uri=http://localhost:8080/midonet-api/hosts/00000000-0000-0000-0000-000000000002/ports, method=GET&#10;2015-03-09 02:17:53,487 api_lib#do_request(63) do_request: body=None&#10;2015-03-09 02:17:53,487 api_lib#do_request(64) do_request: headers={'Accept': 'application/vnd.org.midonet.collection.HostInterfacePort-v1+json', 'X-Auth-Token': '999888777666'}&#10;2015-03-09 02:17:53,495 api_lib#do_request(79) do_request: response={'status': '200', 'content-length': '429', 'content-location': u'http://localhost:8080/midonet-api/hosts/00000000-0000-0000-0000-000000000002/ports', 'access-control-expose-headers': 'Location', 'server': 'Apache-Coyote/1.1', 'date': 'Mon, 09 Mar 2015 02:17:53 GMT', 'access-control-allow-origin': '*', 'access-control-allow-methods': 'GET, POST, PUT, DELETE, OPTIONS', 'content-type': 'application/vnd.org.midonet.collection.HostInterfacePort-v1+json'} | content=[{&quot;hostId&quot;:&quot;00000000-0000-0000-0000-000000000002&quot;,&quot;portId&quot;:&quot;a98e31ff-ff43-4c24-a0dd-696782adf0ca&quot;,&quot;interfaceName&quot;:&quot;if-0002-003&quot;,&quot;uri&quot;:&quot;http://localhost:8080/midonet-api/hosts/00000000-0000-0000-0000-000000000002/ports/a98e31ff-ff43-4c24-a0dd-696782adf0ca&quot;,&quot;host&quot;:&quot;http://localhost:8080/midonet-api/hosts/00000000-0000-0000-0000-000000000002&quot;,&quot;port&quot;:&quot;http://localhost:8080/midonet-api/ports/a98e31ff-ff43-4c24-a0dd-696782adf0ca&quot;}]&#10;2015-03-09 02:17:53,495 api_lib#do_request(62) do_request: uri=http://localhost:8080/midonet-api/hosts/00000000-0000-0000-0000-000000000002/ports/a98e31ff-ff43-4c24-a0dd-696782adf0ca, method=DELETE&#10;2015-03-09 02:17:53,495 api_lib#do_request(63) do_request: body=None&#10;2015-03-09 02:17:53,495 api_lib#do_request(64) do_request: headers={'X-Auth-Token': '999888777666'}&#10;2015-03-09 02:17:53,507 api_lib#do_request(79) do_request: response={'status': '204', 'access-control-expose-headers': 'Location', 'server': 'Apache-Coyote/1.1', 'date': 'Mon, 09 Mar 2015 02:17:53 GMT', 'access-control-allow-origin': '*', 'access-control-allow-methods': 'GET, POST, PUT, DELETE, OPTIONS'} | content=&#10;2015-03-09 02:17:53,507 netif_failure#eject(50) set dev eth0 up in ns002&#10;2015-03-09 02:18:23,596 netif_failure#inject(42) set dev eth0 down in ns003&#10;2015-03-09 02:18:53,674 interface#clear_arp(356) VethNs: flushing arp cache: ip neigh flush all&#10;2015-03-09 02:18:53,674 interface#execute(264) VethNs: executing command: ip netns exec ns-if-0001-001 ip neigh flush all&#10;2015-03-09 02:18:53,726 interface#execute(267) Result=''&#10;2015-03-09 02:18:53,727 api_lib#do_request(62) do_request: uri=http://localhost:8080/midonet-api/hosts/00000000-0000-0000-0000-000000000001, method=GET&#10;2015-03-09 02:18:53,727 api_lib#do_request(63) do_request: body=None&#10;2015-03-09 02:18:53,727 api_lib#do_request(64) do_request: headers={'Content-Type': 'application/vnd.org.midonet.Host-v2+json', 'Accept': 'application/vnd.org.midonet.Host-v2+json', 'X-Auth-Token': '999888777666'}&#10;2015-03-09 02:18:53,728 netif_failure#eject(50) set dev eth0 up in ns003&#10;--------------------- &gt;&gt; end captured logging &lt;&lt; ---------------------&#10;&gt;&gt;  raise &lt;module 'socket' from '/usr/lib/python2.7/socket.pyc'&gt;.error, error(111, 'Connection refused')&#10;    &#10;==============&#10;per test logs&#10;==============&#10;======&#10;zkdump&#10;======&#10;Connected to Zookeeper at 10.0.0.2:2181,10.0.0.3:2181,10.0.0.4:2181&#10;&#10;   midonet&#10;      v1&#10;         agents&#10;            ports&#10;         vlan-bridges&#10;         vniCounter/10000&#10;         pool_members&#10;         port_groups&#10;         licenses&#10;         routers&#10;         ip_addr_groups&#10;         load_balancers&#10;         tunnel_zones&#10;            0c679bd3-6bf5-4490-bab9-7fee997e75e9/{&quot;data&quot;:{&quot;name&quot;:&quot;default&quot;,&quot;@type&quot;:&quot;gre&quot;},&quot;version&quot;:&quot;1.9&quot;}&#10;               memberships&#10;                  00000000-0000-0000-0000-000000000001/{&quot;data&quot;:{&quot;ip&quot;:&quot;10.0.0.8&quot;,&quot;@type&quot;:&quot;gre&quot;},&quot;version&quot;:&quot;1.9&quot;}&#10;                  00000000-0000-0000-0000-000000000002/{&quot;data&quot;:{&quot;ip&quot;:&quot;10.0.0.9&quot;,&quot;@type&quot;:&quot;gre&quot;},&quot;version&quot;:&quot;1.9&quot;}&#10;         write_version/1.9&#10;         hosts&#10;            00000000-0000-0000-0000-000000000001/{&quot;data&quot;:{&quot;name&quot;:&quot;renard&quot;,&quot;addresses&quot;:[],&quot;epoch&quot;:1425630777496,&quot;tunnelZones&quot;:[]},&quot;version&quot;:&quot;1.9&quot;}&#10;               interfaces&#10;                  midonet/{&quot;data&quot;:{&quot;name&quot;:&quot;midonet&quot;,&quot;type&quot;:&quot;Virtual&quot;,&quot;endpoint&quot;:&quot;DATAPATH&quot;,&quot;mac&quot;:&quot;HgqPYCAf&quot;,&quot;status&quot;:0,&quot;mtu&quot;:1500,&quot;portType&quot;:&quot;Internal&quot;,&quot;addresses&quot;:[],&quot;properties&quot;:{}},&quot;version&quot;:&quot;1.9&quot;}&#10;                  lo/{&quot;data&quot;:{&quot;name&quot;:&quot;lo&quot;,&quot;type&quot;:&quot;Virtual&quot;,&quot;endpoint&quot;:&quot;LOCALHOST&quot;,&quot;mac&quot;:&quot;AAAAAAAA&quot;,&quot;status&quot;:3,&quot;mtu&quot;:65536,&quot;portType&quot;:null,&quot;addresses&quot;:[&quot;127.0.0.1&quot;,&quot;0:0:0:0:0:0:0:1&quot;],&quot;properties&quot;:{}},&quot;version&quot;:&quot;1.9&quot;}&#10;                  veth0/{&quot;data&quot;:{&quot;name&quot;:&quot;veth0&quot;,&quot;type&quot;:&quot;Virtual&quot;,&quot;endpoint&quot;:&quot;UNKNOWN&quot;,&quot;mac&quot;:&quot;JsmB89A4&quot;,&quot;status&quot;:3,&quot;mtu&quot;:1500,&quot;portType&quot;:null,&quot;addresses&quot;:[&quot;fe80:0:0:0:24c9:81ff:fef3:d038&quot;],&quot;properties&quot;:{}},&quot;version&quot;:&quot;1.9&quot;}&#10;                  veth1/{&quot;data&quot;:{&quot;name&quot;:&quot;veth1&quot;,&quot;type&quot;:&quot;Virtual&quot;,&quot;endpoint&quot;:&quot;UNKNOWN&quot;,&quot;mac&quot;:&quot;Gkpv8OvH&quot;,&quot;status&quot;:3,&quot;mtu&quot;:1500,&quot;portType&quot;:null,&quot;addresses&quot;:[&quot;fe80:0:0:0:184a:6fff:fef0:ebc7&quot;],&quot;properties&quot;:{}},&quot;version&quot;:&quot;1.9&quot;}&#10;                  eth1/{&quot;data&quot;:{&quot;name&quot;:&quot;eth1&quot;,&quot;type&quot;:&quot;Virtual&quot;,&quot;endpoint&quot;:&quot;UNKNOWN&quot;,&quot;mac&quot;:&quot;FiyZqFYm&quot;,&quot;status&quot;:3,&quot;mtu&quot;:1500,&quot;portType&quot;:null,&quot;addresses&quot;:[&quot;fe80:0:0:0:142c:99ff:fea8:5626&quot;],&quot;properties&quot;:{}},&quot;version&quot;:&quot;1.9&quot;}&#10;                  veth2/{&quot;data&quot;:{&quot;name&quot;:&quot;veth2&quot;,&quot;type&quot;:&quot;Virtual&quot;,&quot;endpoint&quot;:&quot;UNKNOWN&quot;,&quot;mac&quot;:&quot;zoIlsi9w&quot;,&quot;status&quot;:3,&quot;mtu&quot;:1500,&quot;portType&quot;:null,&quot;addresses&quot;:[&quot;fe80:0:0:0:cc82:25ff:feb2:2f70&quot;],&quot;properties&quot;:{}},&quot;version&quot;:&quot;1.9&quot;}&#10;                  eth2/{&quot;data&quot;:{&quot;name&quot;:&quot;eth2&quot;,&quot;type&quot;:&quot;Virtual&quot;,&quot;endpoint&quot;:&quot;UNKNOWN&quot;,&quot;mac&quot;:&quot;Qv+P/ix1&quot;,&quot;status&quot;:3,&quot;mtu&quot;:1500,&quot;portType&quot;:null,&quot;addresses&quot;:[&quot;fe80:0:0:0:40ff:8fff:fefe:2c75&quot;],&quot;properties&quot;:{}},&quot;version&quot;:&quot;1.9&quot;}&#10;                  if-0001-003/{&quot;data&quot;:{&quot;name&quot;:&quot;if-0001-003&quot;,&quot;type&quot;:&quot;Virtual&quot;,&quot;endpoint&quot;:&quot;UNKNOWN&quot;,&quot;mac&quot;:&quot;YjQpmClE&quot;,&quot;status&quot;:3,&quot;mtu&quot;:65000,&quot;portType&quot;:null,&quot;addresses&quot;:[],&quot;properties&quot;:{}},&quot;version&quot;:&quot;1.9&quot;}&#10;                  if-0001-002/{&quot;data&quot;:{&quot;name&quot;:&quot;if-0001-002&quot;,&quot;type&quot;:&quot;Virtual&quot;,&quot;endpoint&quot;:&quot;UNKNOWN&quot;,&quot;mac&quot;:&quot;blJ2tVKe&quot;,&quot;status&quot;:3,&quot;mtu&quot;:65000,&quot;portType&quot;:null,&quot;addresses&quot;:[],&quot;properties&quot;:{}},&quot;version&quot;:&quot;1.9&quot;}&#10;                  if-0001-001/{&quot;data&quot;:{&quot;name&quot;:&quot;if-0001-001&quot;,&quot;type&quot;:&quot;Virtual&quot;,&quot;endpoint&quot;:&quot;UNKNOWN&quot;,&quot;mac&quot;:&quot;DltVn6KH&quot;,&quot;status&quot;:3,&quot;mtu&quot;:65000,&quot;portType&quot;:null,&quot;addresses&quot;:[],&quot;properties&quot;:{}},&quot;version&quot;:&quot;1.9&quot;}&#10;                  if-0001-007/{&quot;data&quot;:{&quot;name&quot;:&quot;if-0001-007&quot;,&quot;type&quot;:&quot;Virtual&quot;,&quot;endpoint&quot;:&quot;UNKNOWN&quot;,&quot;mac&quot;:&quot;vpWpJR9r&quot;,&quot;status&quot;:3,&quot;mtu&quot;:1500,&quot;portType&quot;:null,&quot;addresses&quot;:[],&quot;properties&quot;:{}},&quot;version&quot;:&quot;1.9&quot;}&#10;                  if-0001-006/{&quot;data&quot;:{&quot;name&quot;:&quot;if-0001-006&quot;,&quot;type&quot;:&quot;Virtual&quot;,&quot;endpoint&quot;:&quot;UNKNOWN&quot;,&quot;mac&quot;:&quot;WoE/QxEl&quot;,&quot;status&quot;:3,&quot;mtu&quot;:1500,&quot;portType&quot;:null,&quot;addresses&quot;:[],&quot;properties&quot;:{}},&quot;version&quot;:&quot;1.9&quot;}&#10;                  if-0001-005/{&quot;data&quot;:{&quot;name&quot;:&quot;if-0001-005&quot;,&quot;type&quot;:&quot;Virtual&quot;,&quot;endpoint&quot;:&quot;UNKNOWN&quot;,&quot;mac&quot;:&quot;StkgU2Jw&quot;,&quot;status&quot;:3,&quot;mtu&quot;:1500,&quot;portType&quot;:null,&quot;addresses&quot;:[],&quot;properties&quot;:{}},&quot;version&quot;:&quot;1.9&quot;}&#10;                  if-0001-004/{&quot;data&quot;:{&quot;name&quot;:&quot;if-0001-004&quot;,&quot;type&quot;:&quot;Virtual&quot;,&quot;endpoint&quot;:&quot;UNKNOWN&quot;,&quot;mac&quot;:&quot;LuiLOgWb&quot;,&quot;status&quot;:3,&quot;mtu&quot;:1500,&quot;portType&quot;:null,&quot;addresses&quot;:[],&quot;properties&quot;:{}},&quot;version&quot;:&quot;1.9&quot;}&#10;                  veth4/{&quot;data&quot;:{&quot;name&quot;:&quot;veth4&quot;,&quot;type&quot;:&quot;Virtual&quot;,&quot;endpoint&quot;:&quot;UNKNOWN&quot;,&quot;mac&quot;:&quot;JpHKU/BZ&quot;,&quot;status&quot;:3,&quot;mtu&quot;:1500,&quot;portType&quot;:null,&quot;addresses&quot;:[&quot;fe80:0:0:0:2491:caff:fe53:f059&quot;],&quot;properties&quot;:{}},&quot;version&quot;:&quot;1.9&quot;}&#10;                  veth3/{&quot;data&quot;:{&quot;name&quot;:&quot;veth3&quot;,&quot;type&quot;:&quot;Virtual&quot;,&quot;endpoint&quot;:&quot;UNKNOWN&quot;,&quot;mac&quot;:&quot;GsEKXHT2&quot;,&quot;status&quot;:3,&quot;mtu&quot;:1500,&quot;portType&quot;:null,&quot;addresses&quot;:[&quot;fe80:0:0:0:18c1:aff:fe5c:74f6&quot;],&quot;properties&quot;:{}},&quot;version&quot;:&quot;1.9&quot;}&#10;                  eth0/{&quot;data&quot;:{&quot;name&quot;:&quot;eth0&quot;,&quot;type&quot;:&quot;Virtual&quot;,&quot;endpoint&quot;:&quot;UNKNOWN&quot;,&quot;mac&quot;:&quot;ynCAaZ7U&quot;,&quot;status&quot;:3,&quot;mtu&quot;:1500,&quot;portType&quot;:null,&quot;addresses&quot;:[&quot;10.0.0.8&quot;,&quot;fe80:0:0:0:c870:80ff:fe69:9ed4&quot;],&quot;properties&quot;:{}},&quot;version&quot;:&quot;1.9&quot;}&#10;                  veth5/{&quot;data&quot;:{&quot;name&quot;:&quot;veth5&quot;,&quot;type&quot;:&quot;Virtual&quot;,&quot;endpoint&quot;:&quot;UNKNOWN&quot;,&quot;mac&quot;:&quot;vuMYwiSX&quot;,&quot;status&quot;:3,&quot;mtu&quot;:1500,&quot;portType&quot;:null,&quot;addresses&quot;:[&quot;fe80:0:0:0:bce3:18ff:fec2:2497&quot;],&quot;properties&quot;:{}},&quot;version&quot;:&quot;1.9&quot;}&#10;               alive&#10;               tunnel_zones&#10;                  0c679bd3-6bf5-4490-bab9-7fee997e75e9&#10;               vrnMappings&#10;                  ports&#10;                  datapath/{&quot;data&quot;:&quot;midonet&quot;,&quot;version&quot;:&quot;1.9&quot;}&#10;            00000000-0000-0000-0000-000000000003/{&quot;data&quot;:{&quot;name&quot;:&quot;renard&quot;,&quot;addresses&quot;:[],&quot;epoch&quot;:1425630777408,&quot;tunnelZones&quot;:[]},&quot;version&quot;:&quot;1.9&quot;}&#10;               interfaces&#10;                  midonet/{&quot;data&quot;:{&quot;name&quot;:&quot;midonet&quot;,&quot;type&quot;:&quot;Virtual&quot;,&quot;endpoint&quot;:&quot;DATAPATH&quot;,&quot;mac&quot;:&quot;Jux3Fd51&quot;,&quot;status&quot;:0,&quot;mtu&quot;:1500,&quot;portType&quot;:&quot;Internal&quot;,&quot;addresses&quot;:[],&quot;properties&quot;:{}},&quot;version&quot;:&quot;1.9&quot;}&#10;                  lo/{&quot;data&quot;:{&quot;name&quot;:&quot;lo&quot;,&quot;type&quot;:&quot;Virtual&quot;,&quot;endpoint&quot;:&quot;LOCALHOST&quot;,&quot;mac&quot;:&quot;AAAAAAAA&quot;,&quot;status&quot;:3,&quot;mtu&quot;:65536,&quot;portType&quot;:null,&quot;addresses&quot;:[&quot;127.0.0.1&quot;,&quot;0:0:0:0:0:0:0:1&quot;],&quot;properties&quot;:{}},&quot;version&quot;:&quot;1.9&quot;}&#10;                  veth0/{&quot;data&quot;:{&quot;name&quot;:&quot;veth0&quot;,&quot;type&quot;:&quot;Virtual&quot;,&quot;endpoint&quot;:&quot;UNKNOWN&quot;,&quot;mac&quot;:&quot;Eu1OxgyV&quot;,&quot;status&quot;:3,&quot;mtu&quot;:1500,&quot;portType&quot;:null,&quot;addresses&quot;:[&quot;fe80:0:0:0:10ed:4eff:fec6:c95&quot;],&quot;properties&quot;:{}},&quot;version&quot;:&quot;1.9&quot;}&#10;                  eth0/{&quot;data&quot;:{&quot;name&quot;:&quot;eth0&quot;,&quot;type&quot;:&quot;Virtual&quot;,&quot;endpoint&quot;:&quot;UNKNOWN&quot;,&quot;mac&quot;:&quot;7oAZRKle&quot;,&quot;status&quot;:3,&quot;mtu&quot;:1500,&quot;portType&quot;:null,&quot;addresses&quot;:[&quot;10.0.0.10&quot;,&quot;fe80:0:0:0:ec80:19ff:fe44:a95e&quot;],&quot;properties&quot;:{}},&quot;version&quot;:&quot;1.9&quot;}&#10;               alive&#10;               tunnel_zones&#10;               vrnMappings&#10;                  ports&#10;                  datapath/{&quot;data&quot;:&quot;midonet&quot;,&quot;version&quot;:&quot;1.9&quot;}&#10;            00000000-0000-0000-0000-000000000002/{&quot;data&quot;:{&quot;name&quot;:&quot;renard&quot;,&quot;addresses&quot;:[],&quot;epoch&quot;:1425630778124,&quot;tunnelZones&quot;:[]},&quot;version&quot;:&quot;1.9&quot;}&#10;               interfaces&#10;                  midonet/{&quot;data&quot;:{&quot;name&quot;:&quot;midonet&quot;,&quot;type&quot;:&quot;Virtual&quot;,&quot;endpoint&quot;:&quot;DATAPATH&quot;,&quot;mac&quot;:&quot;Mg5y1rjx&quot;,&quot;status&quot;:0,&quot;mtu&quot;:1500,&quot;portType&quot;:&quot;Internal&quot;,&quot;addresses&quot;:[],&quot;properties&quot;:{}},&quot;version&quot;:&quot;1.9&quot;}&#10;                  lo/{&quot;data&quot;:{&quot;name&quot;:&quot;lo&quot;,&quot;type&quot;:&quot;Virtual&quot;,&quot;endpoint&quot;:&quot;LOCALHOST&quot;,&quot;mac&quot;:&quot;AAAAAAAA&quot;,&quot;status&quot;:3,&quot;mtu&quot;:65536,&quot;portType&quot;:null,&quot;addresses&quot;:[&quot;127.0.0.1&quot;,&quot;0:0:0:0:0:0:0:1&quot;],&quot;properties&quot;:{}},&quot;version&quot;:&quot;1.9&quot;}&#10;                  veth0/{&quot;data&quot;:{&quot;name&quot;:&quot;veth0&quot;,&quot;type&quot;:&quot;Virtual&quot;,&quot;endpoint&quot;:&quot;UNKNOWN&quot;,&quot;mac&quot;:&quot;dtDDUo3R&quot;,&quot;status&quot;:3,&quot;mtu&quot;:1500,&quot;portType&quot;:null,&quot;addresses&quot;:[&quot;fe80:0:0:0:74d0:c3ff:fe52:8dd1&quot;],&quot;properties&quot;:{}},&quot;version&quot;:&quot;1.9&quot;}&#10;                  veth1/{&quot;data&quot;:{&quot;name&quot;:&quot;veth1&quot;,&quot;type&quot;:&quot;Virtual&quot;,&quot;endpoint&quot;:&quot;UNKNOWN&quot;,&quot;mac&quot;:&quot;9uqB7+6H&quot;,&quot;status&quot;:3,&quot;mtu&quot;:1500,&quot;portType&quot;:null,&quot;addresses&quot;:[&quot;fe80:0:0:0:f4ea:81ff:feef:ee87&quot;],&quot;properties&quot;:{}},&quot;version&quot;:&quot;1.9&quot;}&#10;                  eth1/{&quot;data&quot;:{&quot;name&quot;:&quot;eth1&quot;,&quot;type&quot;:&quot;Virtual&quot;,&quot;endpoint&quot;:&quot;UNKNOWN&quot;,&quot;mac&quot;:&quot;ivJgq7kN&quot;,&quot;status&quot;:3,&quot;mtu&quot;:1500,&quot;portType&quot;:null,&quot;addresses&quot;:[&quot;fe80:0:0:0:88f2:60ff:feab:b90d&quot;],&quot;properties&quot;:{}},&quot;version&quot;:&quot;1.9&quot;}&#10;                  eth2/{&quot;data&quot;:{&quot;name&quot;:&quot;eth2&quot;,&quot;type&quot;:&quot;Virtual&quot;,&quot;endpoint&quot;:&quot;UNKNOWN&quot;,&quot;mac&quot;:&quot;jljDWYkf&quot;,&quot;status&quot;:3,&quot;mtu&quot;:1500,&quot;portType&quot;:null,&quot;addresses&quot;:[&quot;fe80:0:0:0:8c58:c3ff:fe59:891f&quot;],&quot;properties&quot;:{}},&quot;version&quot;:&quot;1.9&quot;}&#10;                  veth2/{&quot;data&quot;:{&quot;name&quot;:&quot;veth2&quot;,&quot;type&quot;:&quot;Virtual&quot;,&quot;endpoint&quot;:&quot;UNKNOWN&quot;,&quot;mac&quot;:&quot;jt15Giet&quot;,&quot;status&quot;:3,&quot;mtu&quot;:1500,&quot;portType&quot;:null,&quot;addresses&quot;:[&quot;fe80:0:0:0:8cdd:79ff:fe1a:27ad&quot;],&quot;properties&quot;:{}},&quot;version&quot;:&quot;1.9&quot;}&#10;                  if-0002-005/{&quot;data&quot;:{&quot;name&quot;:&quot;if-0002-005&quot;,&quot;type&quot;:&quot;Virtual&quot;,&quot;endpoint&quot;:&quot;UNKNOWN&quot;,&quot;mac&quot;:&quot;emknPmio&quot;,&quot;status&quot;:3,&quot;mtu&quot;:65000,&quot;portType&quot;:null,&quot;addresses&quot;:[],&quot;properties&quot;:{}},&quot;version&quot;:&quot;1.9&quot;}&#10;                  if-0002-004/{&quot;data&quot;:{&quot;name&quot;:&quot;if-0002-004&quot;,&quot;type&quot;:&quot;Virtual&quot;,&quot;endpoint&quot;:&quot;UNKNOWN&quot;,&quot;mac&quot;:&quot;ciCz2S1P&quot;,&quot;status&quot;:3,&quot;mtu&quot;:1500,&quot;portType&quot;:null,&quot;addresses&quot;:[],&quot;properties&quot;:{}},&quot;version&quot;:&quot;1.9&quot;}&#10;                  if-0002-003/{&quot;data&quot;:{&quot;name&quot;:&quot;if-0002-003&quot;,&quot;type&quot;:&quot;Virtual&quot;,&quot;endpoint&quot;:&quot;UNKNOWN&quot;,&quot;mac&quot;:&quot;hozsgR8g&quot;,&quot;status&quot;:3,&quot;mtu&quot;:65000,&quot;portType&quot;:null,&quot;addresses&quot;:[],&quot;properties&quot;:{}},&quot;version&quot;:&quot;1.9&quot;}&#10;                  if-0002-002/{&quot;data&quot;:{&quot;name&quot;:&quot;if-0002-002&quot;,&quot;type&quot;:&quot;Virtual&quot;,&quot;endpoint&quot;:&quot;UNKNOWN&quot;,&quot;mac&quot;:&quot;kmmhGQI5&quot;,&quot;status&quot;:3,&quot;mtu&quot;:65000,&quot;portType&quot;:null,&quot;addresses&quot;:[],&quot;properties&quot;:{}},&quot;version&quot;:&quot;1.9&quot;}&#10;                  if-0002-001/{&quot;data&quot;:{&quot;name&quot;:&quot;if-0002-001&quot;,&quot;type&quot;:&quot;Virtual&quot;,&quot;endpoint&quot;:&quot;UNKNOWN&quot;,&quot;mac&quot;:&quot;dtLi8dnP&quot;,&quot;status&quot;:3,&quot;mtu&quot;:1500,&quot;portType&quot;:null,&quot;addresses&quot;:[],&quot;properties&quot;:{}},&quot;version&quot;:&quot;1.9&quot;}&#10;                  eth0/{&quot;data&quot;:{&quot;name&quot;:&quot;eth0&quot;,&quot;type&quot;:&quot;Virtual&quot;,&quot;endpoint&quot;:&quot;UNKNOWN&quot;,&quot;mac&quot;:&quot;8qPs5udh&quot;,&quot;status&quot;:3,&quot;mtu&quot;:1500,&quot;portType&quot;:null,&quot;addresses&quot;:[&quot;10.0.0.9&quot;,&quot;fe80:0:0:0:f0a3:ecff:fee6:e761&quot;],&quot;properties&quot;:{}},&quot;version&quot;:&quot;1.9&quot;}&#10;               alive&#10;               tunnel_zones&#10;                  0c679bd3-6bf5-4490-bab9-7fee997e75e9&#10;               vrnMappings&#10;                  ports&#10;                  datapath/{&quot;data&quot;:&quot;midonet&quot;,&quot;version&quot;:&quot;1.9&quot;}&#10;         vteps&#10;         bridges&#10;            929e085d-f638-492a-be00-7f9671ab663f/{&quot;data&quot;:{&quot;properties&quot;:{&quot;tenant_id&quot;:&quot;08605861-3582-5365-915c-efcc7a589f33&quot;},&quot;tunnelKey&quot;:5,&quot;inboundFilter&quot;:null,&quot;outboundFilter&quot;:null,&quot;vxLanPortId&quot;:null,&quot;vxLanPortIds&quot;:null,&quot;name&quot;:&quot;bridge-000-002&quot;,&quot;adminStateUp&quot;:true},&quot;version&quot;:&quot;1.9&quot;}&#10;               tags&#10;               ports&#10;                  34327896-53a3-4a79-94bf-a007c881f399&#10;               logical-ports&#10;               mac_ports&#10;               vlans&#10;               dhcp&#10;               ip4_mac_map&#10;               dhcpV6&#10;            1a540af6-0020-4212-9c19-86eeacf1b9ee/{&quot;data&quot;:{&quot;properties&quot;:{&quot;tenant_id&quot;:&quot;08605861-3582-5365-915c-efcc7a589f33&quot;},&quot;tunnelKey&quot;:1,&quot;inboundFilter&quot;:null,&quot;outboundFilter&quot;:null,&quot;vxLanPortId&quot;:null,&quot;vxLanPortIds&quot;:null,&quot;name&quot;:&quot;bridge-000-001&quot;,&quot;adminStateUp&quot;:true},&quot;version&quot;:&quot;1.9&quot;}&#10;               tags&#10;               ports&#10;                  a98e31ff-ff43-4c24-a0dd-696782adf0ca&#10;                  2494126b-e06f-4ec2-8667-16f66d068e7a&#10;                  a0871b2c-7b6b-4044-9f6d-e9487d94b300&#10;               logical-ports&#10;               mac_ports&#10;                  aa:bb:cc:00:11:33,a98e31ff-ff43-4c24-a0dd-696782adf0ca,0000000006&#10;               vlans&#10;               dhcp&#10;                  172.16.1.0_24/{&quot;data&quot;:{&quot;subnetAddr&quot;:{&quot;type&quot;:&quot;IPv4&quot;,&quot;address&quot;:&quot;172.16.1.0&quot;,&quot;prefixLen&quot;:24,&quot;intAddress&quot;:-1408237312},&quot;serverAddr&quot;:&quot;172.16.1.254&quot;,&quot;dnsServerAddrs&quot;:null,&quot;defaultGateway&quot;:&quot;172.16.1.254&quot;,&quot;interfaceMTU&quot;:0,&quot;opt121Routes&quot;:[{&quot;rtDstSubnet&quot;:{&quot;type&quot;:&quot;IPv4&quot;,&quot;address&quot;:&quot;169.254.169.254&quot;,&quot;prefixLen&quot;:32,&quot;intAddress&quot;:-1442928130},&quot;gateway&quot;:&quot;172.16.1.253&quot;},{&quot;rtDstSubnet&quot;:{&quot;type&quot;:&quot;IPv4&quot;,&quot;address&quot;:&quot;1.1.1.0&quot;,&quot;prefixLen&quot;:24,&quot;intAddress&quot;:16843008},&quot;gateway&quot;:&quot;172.16.1.252&quot;}],&quot;enabled&quot;:true},&quot;version&quot;:&quot;1.9&quot;}&#10;                     hosts&#10;                        aa:bb:cc:00:11:55/{&quot;data&quot;:{&quot;mac&quot;:&quot;aa:bb:cc:00:11:55&quot;,&quot;ip&quot;:&quot;172.16.1.101&quot;,&quot;name&quot;:&quot;host2&quot;,&quot;extraDhcpOpts&quot;:[]},&quot;version&quot;:&quot;1.9&quot;}&#10;                        aa:bb:cc:00:00:55/{&quot;data&quot;:{&quot;mac&quot;:&quot;aa:bb:cc:00:00:55&quot;,&quot;ip&quot;:&quot;172.16.1.100&quot;,&quot;name&quot;:&quot;host1&quot;,&quot;extraDhcpOpts&quot;:[]},&quot;version&quot;:&quot;1.9&quot;}&#10;               ip4_mac_map&#10;                  172.16.1.101,aa:bb:cc:00:11:55,0000000001&#10;                  172.16.1.100,aa:bb:cc:00:00:55,0000000001&#10;               dhcpV6&#10;         health_monitors&#10;         vxlan_port_ids&#10;         tenants&#10;            08605861-3582-5365-915c-efcc7a589f33&#10;         chains&#10;            989f648d-a4be-4455-a459-071606d47e24/{&quot;data&quot;:{&quot;properties&quot;:{&quot;tenant_id&quot;:&quot;08605861-3582-5365-915c-efcc7a589f33&quot;},&quot;name&quot;:&quot;drop_ipv4&quot;},&quot;version&quot;:&quot;1.9&quot;}&#10;               refs&#10;               rules/{&quot;data&quot;:{&quot;ruleList&quot;:[&quot;2cc9e932-cfa9-47e3-92b3-1de04b1346f3&quot;]},&quot;version&quot;:&quot;1.9&quot;}&#10;         hm_leader&#10;         bgps&#10;         pools&#10;         gre&#10;            0000000004/{&quot;data&quot;:{&quot;ownerId&quot;:&quot;a98e31ff-ff43-4c24-a0dd-696782adf0ca&quot;},&quot;version&quot;:&quot;1.9&quot;}&#10;            0000000005/{&quot;data&quot;:{&quot;ownerId&quot;:&quot;929e085d-f638-492a-be00-7f9671ab663f&quot;},&quot;version&quot;:&quot;1.9&quot;}&#10;            0000000006/{&quot;data&quot;:{&quot;ownerId&quot;:&quot;34327896-53a3-4a79-94bf-a007c881f399&quot;},&quot;version&quot;:&quot;1.9&quot;}&#10;            0000000000&#10;            0000000001/{&quot;data&quot;:{&quot;ownerId&quot;:&quot;1a540af6-0020-4212-9c19-86eeacf1b9ee&quot;},&quot;version&quot;:&quot;1.9&quot;}&#10;            0000000002/{&quot;data&quot;:{&quot;ownerId&quot;:&quot;a0871b2c-7b6b-4044-9f6d-e9487d94b300&quot;},&quot;version&quot;:&quot;1.9&quot;}&#10;            0000000003/{&quot;data&quot;:{&quot;ownerId&quot;:&quot;2494126b-e06f-4ec2-8667-16f66d068e7a&quot;},&quot;version&quot;:&quot;1.9&quot;}&#10;         rules&#10;            2cc9e932-cfa9-47e3-92b3-1de04b1346f3/{&quot;data&quot;:{&quot;type&quot;:&quot;Literal&quot;,&quot;condition&quot;:{&quot;conjunctionInv&quot;:false,&quot;matchForwardFlow&quot;:false,&quot;matchReturnFlow&quot;:false,&quot;inPortIds&quot;:[],&quot;inPortInv&quot;:false,&quot;outPortIds&quot;:[],&quot;outPortInv&quot;:false,&quot;portGroup&quot;:null,&quot;invPortGroup&quot;:false,&quot;ipAddrGroupIdSrc&quot;:null,&quot;invIpAddrGroupIdSrc&quot;:false,&quot;ipAddrGroupIdDst&quot;:null,&quot;invIpAddrGroupIdDst&quot;:false,&quot;etherType&quot;:2048,&quot;invDlType&quot;:false,&quot;ethSrc&quot;:null,&quot;ethSrcMask&quot;:-1,&quot;invDlSrc&quot;:false,&quot;ethDst&quot;:null,&quot;dlDstMask&quot;:-1,&quot;invDlDst&quot;:false,&quot;nwTos&quot;:null,&quot;nwTosInv&quot;:false,&quot;nwProto&quot;:null,&quot;nwProtoInv&quot;:false,&quot;nwSrcIp&quot;:null,&quot;nwDstIp&quot;:null,&quot;tpSrc&quot;:null,&quot;tpDst&quot;:null,&quot;nwSrcInv&quot;:false,&quot;nwDstInv&quot;:false,&quot;tpSrcInv&quot;:false,&quot;tpDstInv&quot;:false,&quot;traversedDevice&quot;:null,&quot;traversedDeviceInv&quot;:false,&quot;_traversedDeviceTag&quot;:null,&quot;fragmentPolicy&quot;:&quot;ANY&quot;},&quot;action&quot;:&quot;DROP&quot;,&quot;chainId&quot;:&quot;989f648d-a4be-4455-a459-071606d47e24&quot;,&quot;properties&quot;:{},&quot;meterName&quot;:null},&quot;version&quot;:&quot;1.9&quot;}&#10;         ad_routes&#10;         versions&#10;            1.9&#10;               00000000-0000-0000-0000-000000000001&#10;               00000000-0000-0000-0000-000000000003&#10;               00000000-0000-0000-0000-000000000002&#10;         ports&#10;            a98e31ff-ff43-4c24-a0dd-696782adf0ca/{&quot;data&quot;:{&quot;type&quot;:&quot;BridgePort&quot;,&quot;properties&quot;:{},&quot;device_id&quot;:&quot;1a540af6-0020-4212-9c19-86eeacf1b9ee&quot;,&quot;adminStateUp&quot;:true,&quot;inboundFilter&quot;:null,&quot;outboundFilter&quot;:null,&quot;portGroupIDs&quot;:[],&quot;tunnelKey&quot;:4,&quot;hostId&quot;:null,&quot;interfaceName&quot;:null,&quot;peerId&quot;:null,&quot;v1ApiType&quot;:null,&quot;vlanId&quot;:null},&quot;version&quot;:&quot;1.9&quot;}&#10;               active&#10;            2494126b-e06f-4ec2-8667-16f66d068e7a/{&quot;data&quot;:{&quot;type&quot;:&quot;BridgePort&quot;,&quot;properties&quot;:{},&quot;device_id&quot;:&quot;1a540af6-0020-4212-9c19-86eeacf1b9ee&quot;,&quot;adminStateUp&quot;:true,&quot;inboundFilter&quot;:null,&quot;outboundFilter&quot;:null,&quot;portGroupIDs&quot;:[],&quot;tunnelKey&quot;:3,&quot;hostId&quot;:null,&quot;interfaceName&quot;:null,&quot;peerId&quot;:null,&quot;v1ApiType&quot;:null,&quot;vlanId&quot;:null},&quot;version&quot;:&quot;1.9&quot;}&#10;               active&#10;            34327896-53a3-4a79-94bf-a007c881f399/{&quot;data&quot;:{&quot;type&quot;:&quot;BridgePort&quot;,&quot;properties&quot;:{},&quot;device_id&quot;:&quot;929e085d-f638-492a-be00-7f9671ab663f&quot;,&quot;adminStateUp&quot;:true,&quot;inboundFilter&quot;:null,&quot;outboundFilter&quot;:null,&quot;portGroupIDs&quot;:[],&quot;tunnelKey&quot;:6,&quot;hostId&quot;:null,&quot;interfaceName&quot;:null,&quot;peerId&quot;:null,&quot;v1ApiType&quot;:null,&quot;vlanId&quot;:null},&quot;version&quot;:&quot;1.9&quot;}&#10;               active&#10;            a0871b2c-7b6b-4044-9f6d-e9487d94b300/{&quot;data&quot;:{&quot;type&quot;:&quot;BridgePort&quot;,&quot;properties&quot;:{},&quot;device_id&quot;:&quot;1a540af6-0020-4212-9c19-86eeacf1b9ee&quot;,&quot;adminStateUp&quot;:true,&quot;inboundFilter&quot;:null,&quot;outboundFilter&quot;:null,&quot;portGroupIDs&quot;:[],&quot;tunnelKey&quot;:2,&quot;hostId&quot;:null,&quot;interfaceName&quot;:null,&quot;peerId&quot;:null,&quot;v1ApiType&quot;:null,&quot;vlanId&quot;:null},&quot;version&quot;:&quot;1.9&quot;}&#10;               active&#10;         system_state&#10;         routes&#10;         pool_health_monitor_mappings&#10;         locks&#10;         nat&#10;         neutron&#10;            networks&#10;            ports&#10;            floating_ips&#10;            security_group_rules&#10;            loadbalancer&#10;               health_monitors&#10;               pools&#10;               members&#10;               vips&#10;            routers&#10;            security_groups&#10;            subnets&#10;         filters&#10;            a98e31ff-ff43-4c24-a0dd-696782adf0ca&#10;            2494126b-e06f-4ec2-8667-16f66d068e7a&#10;            34327896-53a3-4a79-94bf-a007c881f399&#10;            929e085d-f638-492a-be00-7f9671ab663f&#10;            a0871b2c-7b6b-4044-9f6d-e9487d94b300&#10;            1a540af6-0020-4212-9c19-86eeacf1b9ee&#10;         vips&#10;      vxgw&#10;         leader-latch&#10;&#10;==========&#10;midolman.1&#10;==========&#10;&#10;== DP status: mm-dpctl --timeout 10 --show-dp midonet&#10;&#10;Datapath name   : midonet&#10;Datapath index : 2&#10;Datapath Stats: &#10;  Flows :0&#10;  Hits  :29&#10;  Lost  :0&#10;  Misses:35&#10;Port #0 &quot;midonet&quot;  Internal  Stats{rxPackets=0, txPackets=0, rxBytes=0, txBytes=0, rxErrors=0, txErrors=0, rxDropped=0, txDropped=0}&#10;Port #1 &quot;tngre-overlay&quot;  Gre  Stats{rxPackets=13, txPackets=24, rxBytes=1050, txBytes=1461, rxErrors=0, txErrors=0, rxDropped=0, txDropped=0}&#10;Port #2 &quot;tnvxlan-overlay&quot;  VXLan  Stats{rxPackets=0, txPackets=0, rxBytes=0, txBytes=0, rxErrors=0, txErrors=0, rxDropped=0, txDropped=0}&#10;Port #3 &quot;tnvxlan-vtep&quot;  VXLan  Stats{rxPackets=0, txPackets=0, rxBytes=0, txBytes=0, rxErrors=0, txErrors=0, rxDropped=0, txDropped=0}&#10;&#10;== flow dump: mm-dpctl --timeout 10 --dump-dp midonet&#10;&#10;0 flows&#10;&#10;==========&#10;midolman.2&#10;==========&#10;&#10;== DP status: mm-dpctl --timeout 10 --show-dp midonet&#10;&#10;Datapath name   : midonet&#10;Datapath index : 2&#10;Datapath Stats: &#10;  Flows :0&#10;  Hits  :18&#10;  Lost  :0&#10;  Misses:22&#10;Port #0 &quot;midonet&quot;  Internal  Stats{rxPackets=0, txPackets=0, rxBytes=0, txBytes=0, rxErrors=0, txErrors=0, rxDropped=0, txDropped=0}&#10;Port #1 &quot;tngre-overlay&quot;  Gre  Stats{rxPackets=24, txPackets=13, rxBytes=1269, txBytes=1154, rxErrors=0, txErrors=0, rxDropped=0, txDropped=0}&#10;Port #2 &quot;tnvxlan-overlay&quot;  VXLan  Stats{rxPackets=0, txPackets=0, rxBytes=0, txBytes=0, rxErrors=0, txErrors=0, rxDropped=0, txDropped=0}&#10;Port #3 &quot;tnvxlan-vtep&quot;  VXLan  Stats{rxPackets=0, txPackets=0, rxBytes=0, txBytes=0, rxErrors=0, txErrors=0, rxDropped=0, txDropped=0}&#10;&#10;== flow dump: mm-dpctl --timeout 10 --dump-dp midonet&#10;&#10;0 flows&#10;&#10;==========&#10;midolman.3&#10;==========&#10;&#10;== DP status: mm-dpctl --timeout 10 --show-dp midonet&#10;&#10;Datapath name   : midonet&#10;Datapath index : 2&#10;Datapath Stats: &#10;  Flows :0&#10;  Hits  :0&#10;  Lost  :0&#10;  Misses:0&#10;Port #0 &quot;midonet&quot;  Internal  Stats{rxPackets=0, txPackets=0, rxBytes=0, txBytes=0, rxErrors=0, txErrors=0, rxDropped=0, txDropped=0}&#10;Port #1 &quot;tngre-overlay&quot;  Gre  Stats{rxPackets=0, txPackets=0, rxBytes=0, txBytes=0, rxErrors=0, txErrors=0, rxDropped=0, txDropped=0}&#10;Port #2 &quot;tnvxlan-overlay&quot;  VXLan  Stats{rxPackets=0, txPackets=0, rxBytes=0, txBytes=0, rxErrors=0, txErrors=0, rxDropped=0, txDropped=0}&#10;Port #3 &quot;tnvxlan-vtep&quot;  VXLan  Stats{rxPackets=0, txPackets=0, rxBytes=0, txBytes=0, rxErrors=0, txErrors=0, rxDropped=0, txDropped=0}&#10;&#10;== flow dump: mm-dpctl --timeout 10 --dump-dp midonet&#10;&#10;0 flows&#10;&#10;" type="socket.error">  File "/usr/lib/python2.7/unittest/case.py", line 331, in run
    testMethod()
  File "/usr/local/lib/python2.7/dist-packages/nose/loader.py", line 251, in generate
    for test in g():
  File "/home/test/mdts/tests/mdts/tests/utils/utils.py", line 105, in test_wrapped
    for g in f():
  File "/home/test/mdts/tests/mdts/tests/utils/utils.py", line 130, in test_wrapped
    BM.bind(data=b)
  File "/home/test/mdts/tests/mdts/lib/binding_manager.py", line 66, in bind
    self._api.get_host(mn_host_id).add_host_interface_port()\
  File "/usr/lib/python2.7/dist-packages/midonetclient/api.py", line 238, in get_host
    return self.app.get_host(id_)
  File "/usr/lib/python2.7/dist-packages/midonetclient/application.py", line 233, in get_host
    self.get_host_template(), id_)
  File "/usr/lib/python2.7/dist-packages/midonetclient/application.py", line 348, in _get_resource_by_id
    return self._get_resource(clazz, create_uri, uri)
  File "/usr/lib/python2.7/dist-packages/midonetclient/application.py", line 341, in _get_resource
    'Accept': clazz.media_type})
  File "/usr/lib/python2.7/dist-packages/midonetclient/resource_base.py", line 64, in get
    _, self.dto = self.auth.do_request(uri, 'GET', headers=headers)
  File "/usr/lib/python2.7/dist-packages/midonetclient/auth_lib.py", line 102, in do_request
    query=query, headers=headers)
  File "/usr/lib/python2.7/dist-packages/midonetclient/api_lib.py", line 73, in do_request
    headers=headers)
  File "/usr/lib/python2.7/dist-packages/httplib2/__init__.py", line 1569, in request
    (response, content) = self._request(conn, authority, uri, request_uri, method, body, headers, redirections, cachekey)
  File "/usr/lib/python2.7/dist-packages/httplib2/__init__.py", line 1316, in _request
    (response, content) = self._conn_request(conn, request_uri, method, body, headers)
  File "/usr/lib/python2.7/dist-packages/httplib2/__init__.py", line 1251, in _conn_request
    conn.connect()
  File "/usr/lib/python2.7/dist-packages/httplib2/__init__.py", line 912, in connect
    raise socket.error, msg
'[Errno 111] Connection refused\n-------------------- &gt;&gt; begin captured logging &lt;&lt; --------------------\n2015-03-09 02:17:53,316 api_lib#do_request(62) do_request: uri=http://localhost:8080/midonet-api/hosts/00000000-0000-0000-0000-000000000001, method=GET\n2015-03-09 02:17:53,316 api_lib#do_request(63) do_request: body=None\n2015-03-09 02:17:53,316 api_lib#do_request(64) do_request: headers={\'Content-Type\': \'application/vnd.org.midonet.Host-v2+json\', \'Accept\': \'application/vnd.org.midonet.Host-v2+json\', \'X-Auth-Token\': \'999888777666\'}\n2015-03-09 02:17:53,345 api_lib#do_request(79) do_request: response={\'status\': \'200\', \'content-length\': \'394\', \'content-location\': u\'http://localhost:8080/midonet-api/hosts/00000000-0000-0000-0000-000000000001\', \'access-control-expose-headers\': \'Location\', \'server\': \'Apache-Coyote/1.1\', \'date\': \'Mon, 09 Mar 2015 02:17:53 GMT\', \'access-control-allow-origin\': \'*\', \'access-control-allow-methods\': \'GET, POST, PUT, DELETE, OPTIONS\', \'content-type\': \'application/vnd.org.midonet.Host-v2+json\'} | content={"id":"00000000-0000-0000-0000-000000000001","name":"renard","addresses":[],"alive":true,"floodingProxyWeight":1,"ports":"http://localhost:8080/midonet-api/hosts/00000000-0000-0000-0000-000000000001/ports","uri":"http://localhost:8080/midonet-api/hosts/00000000-0000-0000-0000-000000000001","interfaces":"http://localhost:8080/midonet-api/hosts/00000000-0000-0000-0000-000000000001/interfaces"}\n2015-03-09 02:17:53,345 api_lib#do_request(62) do_request: uri=http://localhost:8080/midonet-api/hosts/00000000-0000-0000-0000-000000000001/ports, method=GET\n2015-03-09 02:17:53,346 api_lib#do_request(63) do_request: body=None\n2015-03-09 02:17:53,346 api_lib#do_request(64) do_request: headers={\'Accept\': \'application/vnd.org.midonet.collection.HostInterfacePort-v1+json\', \'X-Auth-Token\': \'999888777666\'}\n2015-03-09 02:17:53,352 api_lib#do_request(79) do_request: response={\'status\': \'200\', \'content-length\': \'429\', \'content-location\': u\'http://localhost:8080/midonet-api/hosts/00000000-0000-0000-0000-000000000001/ports\', \'access-control-expose-headers\': \'Location\', \'server\': \'Apache-Coyote/1.1\', \'date\': \'Mon, 09 Mar 2015 02:17:53 GMT\', \'access-control-allow-origin\': \'*\', \'access-control-allow-methods\': \'GET, POST, PUT, DELETE, OPTIONS\', \'content-type\': \'application/vnd.org.midonet.collection.HostInterfacePort-v1+json\'} | content=[{"hostId":"00000000-0000-0000-0000-000000000001","portId":"a0871b2c-7b6b-4044-9f6d-e9487d94b300","interfaceName":"if-0001-001","uri":"http://localhost:8080/midonet-api/hosts/00000000-0000-0000-0000-000000000001/ports/a0871b2c-7b6b-4044-9f6d-e9487d94b300","host":"http://localhost:8080/midonet-api/hosts/00000000-0000-0000-0000-000000000001","port":"http://localhost:8080/midonet-api/ports/a0871b2c-7b6b-4044-9f6d-e9487d94b300"}]\n2015-03-09 02:17:53,353 api_lib#do_request(62) do_request: uri=http://localhost:8080/midonet-api/hosts/00000000-0000-0000-0000-000000000001/ports/a0871b2c-7b6b-4044-9f6d-e9487d94b300, method=DELETE\n2015-03-09 02:17:53,353 api_lib#do_request(63) do_request: body=None\n2015-03-09 02:17:53,353 api_lib#do_request(64) do_request: headers={\'X-Auth-Token\': \'999888777666\'}\n2015-03-09 02:17:53,377 api_lib#do_request(79) do_request: response={\'status\': \'204\', \'access-control-expose-headers\': \'Location\', \'server\': \'Apache-Coyote/1.1\', \'date\': \'Mon, 09 Mar 2015 02:17:53 GMT\', \'access-control-allow-origin\': \'*\', \'access-control-allow-methods\': \'GET, POST, PUT, DELETE, OPTIONS\'} | content=\n2015-03-09 02:17:53,377 api_lib#do_request(62) do_request: uri=http://localhost:8080/midonet-api/hosts/00000000-0000-0000-0000-000000000002, method=GET\n2015-03-09 02:17:53,377 api_lib#do_request(63) do_request: body=None\n2015-03-09 02:17:53,377 api_lib#do_request(64) do_request: headers={\'Content-Type\': \'application/vnd.org.midonet.Host-v2+json\', \'Accept\': \'application/vnd.org.midonet.Host-v2+json\', \'X-Auth-Token\': \'999888777666\'}\n2015-03-09 02:17:53,418 api_lib#do_request(79) do_request: response={\'status\': \'200\', \'content-length\': \'394\', \'content-location\': u\'http://localhost:8080/midonet-api/hosts/00000000-0000-0000-0000-000000000002\', \'access-control-expose-headers\': \'Location\', \'server\': \'Apache-Coyote/1.1\', \'date\': \'Mon, 09 Mar 2015 02:17:53 GMT\', \'access-control-allow-origin\': \'*\', \'access-control-allow-methods\': \'GET, POST, PUT, DELETE, OPTIONS\', \'content-type\': \'application/vnd.org.midonet.Host-v2+json\'} | content={"id":"00000000-0000-0000-0000-000000000002","name":"renard","addresses":[],"alive":true,"floodingProxyWeight":1,"ports":"http://localhost:8080/midonet-api/hosts/00000000-0000-0000-0000-000000000002/ports","uri":"http://localhost:8080/midonet-api/hosts/00000000-0000-0000-0000-000000000002","interfaces":"http://localhost:8080/midonet-api/hosts/00000000-0000-0000-0000-000000000002/interfaces"}\n2015-03-09 02:17:53,418 api_lib#do_request(62) do_request: uri=http://localhost:8080/midonet-api/hosts/00000000-0000-0000-0000-000000000002/ports, method=GET\n2015-03-09 02:17:53,418 api_lib#do_request(63) do_request: body=None\n2015-03-09 02:17:53,418 api_lib#do_request(64) do_request: headers={\'Accept\': \'application/vnd.org.midonet.collection.HostInterfacePort-v1+json\', \'X-Auth-Token\': \'999888777666\'}\n2015-03-09 02:17:53,427 api_lib#do_request(79) do_request: response={\'status\': \'200\', \'content-length\': \'857\', \'content-location\': u\'http://localhost:8080/midonet-api/hosts/00000000-0000-0000-0000-000000000002/ports\', \'access-control-expose-headers\': \'Location\', \'server\': \'Apache-Coyote/1.1\', \'date\': \'Mon, 09 Mar 2015 02:17:53 GMT\', \'access-control-allow-origin\': \'*\', \'access-control-allow-methods\': \'GET, POST, PUT, DELETE, OPTIONS\', \'content-type\': \'application/vnd.org.midonet.collection.HostInterfacePort-v1+json\'} | content=[{"hostId":"00000000-0000-0000-0000-000000000002","portId":"2494126b-e06f-4ec2-8667-16f66d068e7a","interfaceName":"if-0002-002","uri":"http://localhost:8080/midonet-api/hosts/00000000-0000-0000-0000-000000000002/ports/2494126b-e06f-4ec2-8667-16f66d068e7a","host":"http://localhost:8080/midonet-api/hosts/00000000-0000-0000-0000-000000000002","port":"http://localhost:8080/midonet-api/ports/2494126b-e06f-4ec2-8667-16f66d068e7a"},{"hostId":"00000000-0000-0000-0000-000000000002","portId":"a98e31ff-ff43-4c24-a0dd-696782adf0ca","interfaceName":"if-0002-003","uri":"http://localhost:8080/midonet-api/hosts/00000000-0000-0000-0000-000000000002/ports/a98e31ff-ff43-4c24-a0dd-696782adf0ca","host":"http://localhost:8080/midonet-api/hosts/00000000-0000-0000-0000-000000000002","port":"http://localhost:8080/midonet-api/ports/a98e31ff-ff43-4c24-a0dd-696782adf0ca"}]\n2015-03-09 02:17:53,427 api_lib#do_request(62) do_request: uri=http://localhost:8080/midonet-api/hosts/00000000-0000-0000-0000-000000000002/ports/2494126b-e06f-4ec2-8667-16f66d068e7a, method=DELETE\n2015-03-09 02:17:53,427 api_lib#do_request(63) do_request: body=None\n2015-03-09 02:17:53,427 api_lib#do_request(64) do_request: headers={\'X-Auth-Token\': \'999888777666\'}\n2015-03-09 02:17:53,439 api_lib#do_request(79) do_request: response={\'status\': \'204\', \'access-control-expose-headers\': \'Location\', \'server\': \'Apache-Coyote/1.1\', \'date\': \'Mon, 09 Mar 2015 02:17:53 GMT\', \'access-control-allow-origin\': \'*\', \'access-control-allow-methods\': \'GET, POST, PUT, DELETE, OPTIONS\'} | content=\n2015-03-09 02:17:53,439 api_lib#do_request(62) do_request: uri=http://localhost:8080/midonet-api/hosts/00000000-0000-0000-0000-000000000002, method=GET\n2015-03-09 02:17:53,439 api_lib#do_request(63) do_request: body=None\n2015-03-09 02:17:53,439 api_lib#do_request(64) do_request: headers={\'Content-Type\': \'application/vnd.org.midonet.Host-v2+json\', \'Accept\': \'application/vnd.org.midonet.Host-v2+json\', \'X-Auth-Token\': \'999888777666\'}\n2015-03-09 02:17:53,487 api_lib#do_request(79) do_request: response={\'status\': \'200\', \'content-length\': \'394\', \'content-location\': u\'http://localhost:8080/midonet-api/hosts/00000000-0000-0000-0000-000000000002\', \'access-control-expose-headers\': \'Location\', \'server\': \'Apache-Coyote/1.1\', \'date\': \'Mon, 09 Mar 2015 02:17:53 GMT\', \'access-control-allow-origin\': \'*\', \'access-control-allow-methods\': \'GET, POST, PUT, DELETE, OPTIONS\', \'content-type\': \'application/vnd.org.midonet.Host-v2+json\'} | content={"id":"00000000-0000-0000-0000-000000000002","name":"renard","addresses":[],"alive":true,"floodingProxyWeight":1,"ports":"http://localhost:8080/midonet-api/hosts/00000000-0000-0000-0000-000000000002/ports","uri":"http://localhost:8080/midonet-api/hosts/00000000-0000-0000-0000-000000000002","interfaces":"http://localhost:8080/midonet-api/hosts/00000000-0000-0000-0000-000000000002/interfaces"}\n2015-03-09 02:17:53,487 api_lib#do_request(62) do_request: uri=http://localhost:8080/midonet-api/hosts/00000000-0000-0000-0000-000000000002/ports, method=GET\n2015-03-09 02:17:53,487 api_lib#do_request(63) do_request: body=None\n2015-03-09 02:17:53,487 api_lib#do_request(64) do_request: headers={\'Accept\': \'application/vnd.org.midonet.collection.HostInterfacePort-v1+json\', \'X-Auth-Token\': \'999888777666\'}\n2015-03-09 02:17:53,495 api_lib#do_request(79) do_request: response={\'status\': \'200\', \'content-length\': \'429\', \'content-location\': u\'http://localhost:8080/midonet-api/hosts/00000000-0000-0000-0000-000000000002/ports\', \'access-control-expose-headers\': \'Location\', \'server\': \'Apache-Coyote/1.1\', \'date\': \'Mon, 09 Mar 2015 02:17:53 GMT\', \'access-control-allow-origin\': \'*\', \'access-control-allow-methods\': \'GET, POST, PUT, DELETE, OPTIONS\', \'content-type\': \'application/vnd.org.midonet.collection.HostInterfacePort-v1+json\'} | content=[{"hostId":"00000000-0000-0000-0000-000000000002","portId":"a98e31ff-ff43-4c24-a0dd-696782adf0ca","interfaceName":"if-0002-003","uri":"http://localhost:8080/midonet-api/hosts/00000000-0000-0000-0000-000000000002/ports/a98e31ff-ff43-4c24-a0dd-696782adf0ca","host":"http://localhost:8080/midonet-api/hosts/00000000-0000-0000-0000-000000000002","port":"http://localhost:8080/midonet-api/ports/a98e31ff-ff43-4c24-a0dd-696782adf0ca"}]\n2015-03-09 02:17:53,495 api_lib#do_request(62) do_request: uri=http://localhost:8080/midonet-api/hosts/00000000-0000-0000-0000-000000000002/ports/a98e31ff-ff43-4c24-a0dd-696782adf0ca, method=DELETE\n2015-03-09 02:17:53,495 api_lib#do_request(63) do_request: body=None\n2015-03-09 02:17:53,495 api_lib#do_request(64) do_request: headers={\'X-Auth-Token\': \'999888777666\'}\n2015-03-09 02:17:53,507 api_lib#do_request(79) do_request: response={\'status\': \'204\', \'access-control-expose-headers\': \'Location\', \'server\': \'Apache-Coyote/1.1\', \'date\': \'Mon, 09 Mar 2015 02:17:53 GMT\', \'access-control-allow-origin\': \'*\', \'access-control-allow-methods\': \'GET, POST, PUT, DELETE, OPTIONS\'} | content=\n2015-03-09 02:17:53,507 netif_failure#eject(50) set dev eth0 up in ns002\n2015-03-09 02:18:23,596 netif_failure#inject(42) set dev eth0 down in ns003\n2015-03-09 02:18:53,674 interface#clear_arp(356) VethNs: flushing arp cache: ip neigh flush all\n2015-03-09 02:18:53,674 interface#execute(264) VethNs: executing command: ip netns exec ns-if-0001-001 ip neigh flush all\n2015-03-09 02:18:53,726 interface#execute(267) Result=\'\'\n2015-03-09 02:18:53,727 api_lib#do_request(62) do_request: uri=http://localhost:8080/midonet-api/hosts/00000000-0000-0000-0000-000000000001, method=GET\n2015-03-09 02:18:53,727 api_lib#do_request(63) do_request: body=None\n2015-03-09 02:18:53,727 api_lib#do_request(64) do_request: headers={\'Content-Type\': \'application/vnd.org.midonet.Host-v2+json\', \'Accept\': \'application/vnd.org.midonet.Host-v2+json\', \'X-Auth-Token\': \'999888777666\'}\n2015-03-09 02:18:53,728 netif_failure#eject(50) set dev eth0 up in ns003\n--------------------- &gt;&gt; end captured logging &lt;&lt; ---------------------\n&gt;&gt;  raise &lt;module \'socket\' from \'/usr/lib/python2.7/socket.pyc\'&gt;.error, error(111, \'Connection refused\')\n    \n==============\nper test logs\n==============\n======\nzkdump\n======\nConnected to Zookeeper at 10.0.0.2:2181,10.0.0.3:2181,10.0.0.4:2181\n\n   midonet\n      v1\n         agents\n            ports\n         vlan-bridges\n         vniCounter/10000\n         pool_members\n         port_groups\n         licenses\n         routers\n         ip_addr_groups\n         load_balancers\n         tunnel_zones\n            0c679bd3-6bf5-4490-bab9-7fee997e75e9/{"data":{"name":"default","@type":"gre"},"version":"1.9"}\n               memberships\n                  00000000-0000-0000-0000-000000000001/{"data":{"ip":"10.0.0.8","@type":"gre"},"version":"1.9"}\n                  00000000-0000-0000-0000-000000000002/{"data":{"ip":"10.0.0.9","@type":"gre"},"version":"1.9"}\n         write_version/1.9\n         hosts\n            00000000-0000-0000-0000-000000000001/{"data":{"name":"renard","addresses":[],"epoch":1425630777496,"tunnelZones":[]},"version":"1.9"}\n               interfaces\n                  midonet/{"data":{"name":"midonet","type":"Virtual","endpoint":"DATAPATH","mac":"HgqPYCAf","status":0,"mtu":1500,"portType":"Internal","addresses":[],"properties":{}},"version":"1.9"}\n                  lo/{"data":{"name":"lo","type":"Virtual","endpoint":"LOCALHOST","mac":"AAAAAAAA","status":3,"mtu":65536,"portType":null,"addresses":["127.0.0.1","0:0:0:0:0:0:0:1"],"properties":{}},"version":"1.9"}\n                  veth0/{"data":{"name":"veth0","type":"Virtual","endpoint":"UNKNOWN","mac":"JsmB89A4","status":3,"mtu":1500,"portType":null,"addresses":["fe80:0:0:0:24c9:81ff:fef3:d038"],"properties":{}},"version":"1.9"}\n                  veth1/{"data":{"name":"veth1","type":"Virtual","endpoint":"UNKNOWN","mac":"Gkpv8OvH","status":3,"mtu":1500,"portType":null,"addresses":["fe80:0:0:0:184a:6fff:fef0:ebc7"],"properties":{}},"version":"1.9"}\n                  eth1/{"data":{"name":"eth1","type":"Virtual","endpoint":"UNKNOWN","mac":"FiyZqFYm","status":3,"mtu":1500,"portType":null,"addresses":["fe80:0:0:0:142c:99ff:fea8:5626"],"properties":{}},"version":"1.9"}\n                  veth2/{"data":{"name":"veth2","type":"Virtual","endpoint":"UNKNOWN","mac":"zoIlsi9w","status":3,"mtu":1500,"portType":null,"addresses":["fe80:0:0:0:cc82:25ff:feb2:2f70"],"properties":{}},"version":"1.9"}\n                  eth2/{"data":{"name":"eth2","type":"Virtual","endpoint":"UNKNOWN","mac":"Qv+P/ix1","status":3,"mtu":1500,"portType":null,"addresses":["fe80:0:0:0:40ff:8fff:fefe:2c75"],"properties":{}},"version":"1.9"}\n                  if-0001-003/{"data":{"name":"if-0001-003","type":"Virtual","endpoint":"UNKNOWN","mac":"YjQpmClE","status":3,"mtu":65000,"portType":null,"addresses":[],"properties":{}},"version":"1.9"}\n                  if-0001-002/{"data":{"name":"if-0001-002","type":"Virtual","endpoint":"UNKNOWN","mac":"blJ2tVKe","status":3,"mtu":65000,"portType":null,"addresses":[],"properties":{}},"version":"1.9"}\n                  if-0001-001/{"data":{"name":"if-0001-001","type":"Virtual","endpoint":"UNKNOWN","mac":"DltVn6KH","status":3,"mtu":65000,"portType":null,"addresses":[],"properties":{}},"version":"1.9"}\n                  if-0001-007/{"data":{"name":"if-0001-007","type":"Virtual","endpoint":"UNKNOWN","mac":"vpWpJR9r","status":3,"mtu":1500,"portType":null,"addresses":[],"properties":{}},"version":"1.9"}\n                  if-0001-006/{"data":{"name":"if-0001-006","type":"Virtual","endpoint":"UNKNOWN","mac":"WoE/QxEl","status":3,"mtu":1500,"portType":null,"addresses":[],"properties":{}},"version":"1.9"}\n                  if-0001-005/{"data":{"name":"if-0001-005","type":"Virtual","endpoint":"UNKNOWN","mac":"StkgU2Jw","status":3,"mtu":1500,"portType":null,"addresses":[],"properties":{}},"version":"1.9"}\n                  if-0001-004/{"data":{"name":"if-0001-004","type":"Virtual","endpoint":"UNKNOWN","mac":"LuiLOgWb","status":3,"mtu":1500,"portType":null,"addresses":[],"properties":{}},"version":"1.9"}\n                  veth4/{"data":{"name":"veth4","type":"Virtual","endpoint":"UNKNOWN","mac":"JpHKU/BZ","status":3,"mtu":1500,"portType":null,"addresses":["fe80:0:0:0:2491:caff:fe53:f059"],"properties":{}},"version":"1.9"}\n                  veth3/{"data":{"name":"veth3","type":"Virtual","endpoint":"UNKNOWN","mac":"GsEKXHT2","status":3,"mtu":1500,"portType":null,"addresses":["fe80:0:0:0:18c1:aff:fe5c:74f6"],"properties":{}},"version":"1.9"}\n                  eth0/{"data":{"name":"eth0","type":"Virtual","endpoint":"UNKNOWN","mac":"ynCAaZ7U","status":3,"mtu":1500,"portType":null,"addresses":["10.0.0.8","fe80:0:0:0:c870:80ff:fe69:9ed4"],"properties":{}},"version":"1.9"}\n                  veth5/{"data":{"name":"veth5","type":"Virtual","endpoint":"UNKNOWN","mac":"vuMYwiSX","status":3,"mtu":1500,"portType":null,"addresses":["fe80:0:0:0:bce3:18ff:fec2:2497"],"properties":{}},"version":"1.9"}\n               alive\n               tunnel_zones\n                  0c679bd3-6bf5-4490-bab9-7fee997e75e9\n               vrnMappings\n                  ports\n                  datapath/{"data":"midonet","version":"1.9"}\n            00000000-0000-0000-0000-000000000003/{"data":{"name":"renard","addresses":[],"epoch":1425630777408,"tunnelZones":[]},"version":"1.9"}\n               interfaces\n                  midonet/{"data":{"name":"midonet","type":"Virtual","endpoint":"DATAPATH","mac":"Jux3Fd51","status":0,"mtu":1500,"portType":"Internal","addresses":[],"properties":{}},"version":"1.9"}\n                  lo/{"data":{"name":"lo","type":"Virtual","endpoint":"LOCALHOST","mac":"AAAAAAAA","status":3,"mtu":65536,"portType":null,"addresses":["127.0.0.1","0:0:0:0:0:0:0:1"],"properties":{}},"version":"1.9"}\n                  veth0/{"data":{"name":"veth0","type":"Virtual","endpoint":"UNKNOWN","mac":"Eu1OxgyV","status":3,"mtu":1500,"portType":null,"addresses":["fe80:0:0:0:10ed:4eff:fec6:c95"],"properties":{}},"version":"1.9"}\n                  eth0/{"data":{"name":"eth0","type":"Virtual","endpoint":"UNKNOWN","mac":"7oAZRKle","status":3,"mtu":1500,"portType":null,"addresses":["10.0.0.10","fe80:0:0:0:ec80:19ff:fe44:a95e"],"properties":{}},"version":"1.9"}\n               alive\n               tunnel_zones\n               vrnMappings\n                  ports\n                  datapath/{"data":"midonet","version":"1.9"}\n            00000000-0000-0000-0000-000000000002/{"data":{"name":"renard","addresses":[],"epoch":1425630778124,"tunnelZones":[]},"version":"1.9"}\n               interfaces\n                  midonet/{"data":{"name":"midonet","type":"Virtual","endpoint":"DATAPATH","mac":"Mg5y1rjx","status":0,"mtu":1500,"portType":"Internal","addresses":[],"properties":{}},"version":"1.9"}\n                  lo/{"data":{"name":"lo","type":"Virtual","endpoint":"LOCALHOST","mac":"AAAAAAAA","status":3,"mtu":65536,"portType":null,"addresses":["127.0.0.1","0:0:0:0:0:0:0:1"],"properties":{}},"version":"1.9"}\n                  veth0/{"data":{"name":"veth0","type":"Virtual","endpoint":"UNKNOWN","mac":"dtDDUo3R","status":3,"mtu":1500,"portType":null,"addresses":["fe80:0:0:0:74d0:c3ff:fe52:8dd1"],"properties":{}},"version":"1.9"}\n                  veth1/{"data":{"name":"veth1","type":"Virtual","endpoint":"UNKNOWN","mac":"9uqB7+6H","status":3,"mtu":1500,"portType":null,"addresses":["fe80:0:0:0:f4ea:81ff:feef:ee87"],"properties":{}},"version":"1.9"}\n                  eth1/{"data":{"name":"eth1","type":"Virtual","endpoint":"UNKNOWN","mac":"ivJgq7kN","status":3,"mtu":1500,"portType":null,"addresses":["fe80:0:0:0:88f2:60ff:feab:b90d"],"properties":{}},"version":"1.9"}\n                  eth2/{"data":{"name":"eth2","type":"Virtual","endpoint":"UNKNOWN","mac":"jljDWYkf","status":3,"mtu":1500,"portType":null,"addresses":["fe80:0:0:0:8c58:c3ff:fe59:891f"],"properties":{}},"version":"1.9"}\n                  veth2/{"data":{"name":"veth2","type":"Virtual","endpoint":"UNKNOWN","mac":"jt15Giet","status":3,"mtu":1500,"portType":null,"addresses":["fe80:0:0:0:8cdd:79ff:fe1a:27ad"],"properties":{}},"version":"1.9"}\n                  if-0002-005/{"data":{"name":"if-0002-005","type":"Virtual","endpoint":"UNKNOWN","mac":"emknPmio","status":3,"mtu":65000,"portType":null,"addresses":[],"properties":{}},"version":"1.9"}\n                  if-0002-004/{"data":{"name":"if-0002-004","type":"Virtual","endpoint":"UNKNOWN","mac":"ciCz2S1P","status":3,"mtu":1500,"portType":null,"addresses":[],"properties":{}},"version":"1.9"}\n                  if-0002-003/{"data":{"name":"if-0002-003","type":"Virtual","endpoint":"UNKNOWN","mac":"hozsgR8g","status":3,"mtu":65000,"portType":null,"addresses":[],"properties":{}},"version":"1.9"}\n                  if-0002-002/{"data":{"name":"if-0002-002","type":"Virtual","endpoint":"UNKNOWN","mac":"kmmhGQI5","status":3,"mtu":65000,"portType":null,"addresses":[],"properties":{}},"version":"1.9"}\n                  if-0002-001/{"data":{"name":"if-0002-001","type":"Virtual","endpoint":"UNKNOWN","mac":"dtLi8dnP","status":3,"mtu":1500,"portType":null,"addresses":[],"properties":{}},"version":"1.9"}\n                  eth0/{"data":{"name":"eth0","type":"Virtual","endpoint":"UNKNOWN","mac":"8qPs5udh","status":3,"mtu":1500,"portType":null,"addresses":["10.0.0.9","fe80:0:0:0:f0a3:ecff:fee6:e761"],"properties":{}},"version":"1.9"}\n               alive\n               tunnel_zones\n                  0c679bd3-6bf5-4490-bab9-7fee997e75e9\n               vrnMappings\n                  ports\n                  datapath/{"data":"midonet","version":"1.9"}\n         vteps\n         bridges\n            929e085d-f638-492a-be00-7f9671ab663f/{"data":{"properties":{"tenant_id":"08605861-3582-5365-915c-efcc7a589f33"},"tunnelKey":5,"inboundFilter":null,"outboundFilter":null,"vxLanPortId":null,"vxLanPortIds":null,"name":"bridge-000-002","adminStateUp":true},"version":"1.9"}\n               tags\n               ports\n                  34327896-53a3-4a79-94bf-a007c881f399\n               logical-ports\n               mac_ports\n               vlans\n               dhcp\n               ip4_mac_map\n               dhcpV6\n            1a540af6-0020-4212-9c19-86eeacf1b9ee/{"data":{"properties":{"tenant_id":"08605861-3582-5365-915c-efcc7a589f33"},"tunnelKey":1,"inboundFilter":null,"outboundFilter":null,"vxLanPortId":null,"vxLanPortIds":null,"name":"bridge-000-001","adminStateUp":true},"version":"1.9"}\n               tags\n               ports\n                  a98e31ff-ff43-4c24-a0dd-696782adf0ca\n                  2494126b-e06f-4ec2-8667-16f66d068e7a\n                  a0871b2c-7b6b-4044-9f6d-e9487d94b300\n               logical-ports\n               mac_ports\n                  aa:bb:cc:00:11:33,a98e31ff-ff43-4c24-a0dd-696782adf0ca,0000000006\n               vlans\n               dhcp\n                  172.16.1.0_24/{"data":{"subnetAddr":{"type":"IPv4","address":"172.16.1.0","prefixLen":24,"intAddress":-1408237312},"serverAddr":"172.16.1.254","dnsServerAddrs":null,"defaultGateway":"172.16.1.254","interfaceMTU":0,"opt121Routes":[{"rtDstSubnet":{"type":"IPv4","address":"169.254.169.254","prefixLen":32,"intAddress":-1442928130},"gateway":"172.16.1.253"},{"rtDstSubnet":{"type":"IPv4","address":"1.1.1.0","prefixLen":24,"intAddress":16843008},"gateway":"172.16.1.252"}],"enabled":true},"version":"1.9"}\n                     hosts\n                        aa:bb:cc:00:11:55/{"data":{"mac":"aa:bb:cc:00:11:55","ip":"172.16.1.101","name":"host2","extraDhcpOpts":[]},"version":"1.9"}\n                        aa:bb:cc:00:00:55/{"data":{"mac":"aa:bb:cc:00:00:55","ip":"172.16.1.100","name":"host1","extraDhcpOpts":[]},"version":"1.9"}\n               ip4_mac_map\n                  172.16.1.101,aa:bb:cc:00:11:55,0000000001\n                  172.16.1.100,aa:bb:cc:00:00:55,0000000001\n               dhcpV6\n         health_monitors\n         vxlan_port_ids\n         tenants\n            08605861-3582-5365-915c-efcc7a589f33\n         chains\n            989f648d-a4be-4455-a459-071606d47e24/{"data":{"properties":{"tenant_id":"08605861-3582-5365-915c-efcc7a589f33"},"name":"drop_ipv4"},"version":"1.9"}\n               refs\n               rules/{"data":{"ruleList":["2cc9e932-cfa9-47e3-92b3-1de04b1346f3"]},"version":"1.9"}\n         hm_leader\n         bgps\n         pools\n         gre\n            0000000004/{"data":{"ownerId":"a98e31ff-ff43-4c24-a0dd-696782adf0ca"},"version":"1.9"}\n            0000000005/{"data":{"ownerId":"929e085d-f638-492a-be00-7f9671ab663f"},"version":"1.9"}\n            0000000006/{"data":{"ownerId":"34327896-53a3-4a79-94bf-a007c881f399"},"version":"1.9"}\n            0000000000\n            0000000001/{"data":{"ownerId":"1a540af6-0020-4212-9c19-86eeacf1b9ee"},"version":"1.9"}\n            0000000002/{"data":{"ownerId":"a0871b2c-7b6b-4044-9f6d-e9487d94b300"},"version":"1.9"}\n            0000000003/{"data":{"ownerId":"2494126b-e06f-4ec2-8667-16f66d068e7a"},"version":"1.9"}\n         rules\n            2cc9e932-cfa9-47e3-92b3-1de04b1346f3/{"data":{"type":"Literal","condition":{"conjunctionInv":false,"matchForwardFlow":false,"matchReturnFlow":false,"inPortIds":[],"inPortInv":false,"outPortIds":[],"outPortInv":false,"portGroup":null,"invPortGroup":false,"ipAddrGroupIdSrc":null,"invIpAddrGroupIdSrc":false,"ipAddrGroupIdDst":null,"invIpAddrGroupIdDst":false,"etherType":2048,"invDlType":false,"ethSrc":null,"ethSrcMask":-1,"invDlSrc":false,"ethDst":null,"dlDstMask":-1,"invDlDst":false,"nwTos":null,"nwTosInv":false,"nwProto":null,"nwProtoInv":false,"nwSrcIp":null,"nwDstIp":null,"tpSrc":null,"tpDst":null,"nwSrcInv":false,"nwDstInv":false,"tpSrcInv":false,"tpDstInv":false,"traversedDevice":null,"traversedDeviceInv":false,"_traversedDeviceTag":null,"fragmentPolicy":"ANY"},"action":"DROP","chainId":"989f648d-a4be-4455-a459-071606d47e24","properties":{},"meterName":null},"version":"1.9"}\n         ad_routes\n         versions\n            1.9\n               00000000-0000-0000-0000-000000000001\n               00000000-0000-0000-0000-000000000003\n               00000000-0000-0000-0000-000000000002\n         ports\n            a98e31ff-ff43-4c24-a0dd-696782adf0ca/{"data":{"type":"BridgePort","properties":{},"device_id":"1a540af6-0020-4212-9c19-86eeacf1b9ee","adminStateUp":true,"inboundFilter":null,"outboundFilter":null,"portGroupIDs":[],"tunnelKey":4,"hostId":null,"interfaceName":null,"peerId":null,"v1ApiType":null,"vlanId":null},"version":"1.9"}\n               active\n            2494126b-e06f-4ec2-8667-16f66d068e7a/{"data":{"type":"BridgePort","properties":{},"device_id":"1a540af6-0020-4212-9c19-86eeacf1b9ee","adminStateUp":true,"inboundFilter":null,"outboundFilter":null,"portGroupIDs":[],"tunnelKey":3,"hostId":null,"interfaceName":null,"peerId":null,"v1ApiType":null,"vlanId":null},"version":"1.9"}\n               active\n            34327896-53a3-4a79-94bf-a007c881f399/{"data":{"type":"BridgePort","properties":{},"device_id":"929e085d-f638-492a-be00-7f9671ab663f","adminStateUp":true,"inboundFilter":null,"outboundFilter":null,"portGroupIDs":[],"tunnelKey":6,"hostId":null,"interfaceName":null,"peerId":null,"v1ApiType":null,"vlanId":null},"version":"1.9"}\n               active\n            a0871b2c-7b6b-4044-9f6d-e9487d94b300/{"data":{"type":"BridgePort","properties":{},"device_id":"1a540af6-0020-4212-9c19-86eeacf1b9ee","adminStateUp":true,"inboundFilter":null,"outboundFilter":null,"portGroupIDs":[],"tunnelKey":2,"hostId":null,"interfaceName":null,"peerId":null,"v1ApiType":null,"vlanId":null},"version":"1.9"}\n               active\n         system_state\n         routes\n         pool_health_monitor_mappings\n         locks\n         nat\n         neutron\n            networks\n            ports\n            floating_ips\n            security_group_rules\n            loadbalancer\n               health_monitors\n               pools\n               members\n               vips\n            routers\n            security_groups\n            subnets\n         filters\n            a98e31ff-ff43-4c24-a0dd-696782adf0ca\n            2494126b-e06f-4ec2-8667-16f66d068e7a\n            34327896-53a3-4a79-94bf-a007c881f399\n            929e085d-f638-492a-be00-7f9671ab663f\n            a0871b2c-7b6b-4044-9f6d-e9487d94b300\n            1a540af6-0020-4212-9c19-86eeacf1b9ee\n         vips\n      vxgw\n         leader-latch\n\n==========\nmidolman.1\n==========\n\n== DP status: mm-dpctl --timeout 10 --show-dp midonet\n\nDatapath name   : midonet\nDatapath index : 2\nDatapath Stats: \n  Flows :0\n  Hits  :29\n  Lost  :0\n  Misses:35\nPort #0 "midonet"  Internal  Stats{rxPackets=0, txPackets=0, rxBytes=0, txBytes=0, rxErrors=0, txErrors=0, rxDropped=0, txDropped=0}\nPort #1 "tngre-overlay"  Gre  Stats{rxPackets=13, txPackets=24, rxBytes=1050, txBytes=1461, rxErrors=0, txErrors=0, rxDropped=0, txDropped=0}\nPort #2 "tnvxlan-overlay"  VXLan  Stats{rxPackets=0, txPackets=0, rxBytes=0, txBytes=0, rxErrors=0, txErrors=0, rxDropped=0, txDropped=0}\nPort #3 "tnvxlan-vtep"  VXLan  Stats{rxPackets=0, txPackets=0, rxBytes=0, txBytes=0, rxErrors=0, txErrors=0, rxDropped=0, txDropped=0}\n\n== flow dump: mm-dpctl --timeout 10 --dump-dp midonet\n\n0 flows\n\n==========\nmidolman.2\n==========\n\n== DP status: mm-dpctl --timeout 10 --show-dp midonet\n\nDatapath name   : midonet\nDatapath index : 2\nDatapath Stats: \n  Flows :0\n  Hits  :18\n  Lost  :0\n  Misses:22\nPort #0 "midonet"  Internal  Stats{rxPackets=0, txPackets=0, rxBytes=0, txBytes=0, rxErrors=0, txErrors=0, rxDropped=0, txDropped=0}\nPort #1 "tngre-overlay"  Gre  Stats{rxPackets=24, txPackets=13, rxBytes=1269, txBytes=1154, rxErrors=0, txErrors=0, rxDropped=0, txDropped=0}\nPort #2 "tnvxlan-overlay"  VXLan  Stats{rxPackets=0, txPackets=0, rxBytes=0, txBytes=0, rxErrors=0, txErrors=0, rxDropped=0, txDropped=0}\nPort #3 "tnvxlan-vtep"  VXLan  Stats{rxPackets=0, txPackets=0, rxBytes=0, txBytes=0, rxErrors=0, txErrors=0, rxDropped=0, txDropped=0}\n\n== flow dump: mm-dpctl --timeout 10 --dump-dp midonet\n\n0 flows\n\n==========\nmidolman.3\n==========\n\n== DP status: mm-dpctl --timeout 10 --show-dp midonet\n\nDatapath name   : midonet\nDatapath index : 2\nDatapath Stats: \n  Flows :0\n  Hits  :0\n  Lost  :0\n  Misses:0\nPort #0 "midonet"  Internal  Stats{rxPackets=0, txPackets=0, rxBytes=0, txBytes=0, rxErrors=0, txErrors=0, rxDropped=0, txDropped=0}\nPort #1 "tngre-overlay"  Gre  Stats{rxPackets=0, txPackets=0, rxBytes=0, txBytes=0, rxErrors=0, txErrors=0, rxDropped=0, txDropped=0}\nPort #2 "tnvxlan-overlay"  VXLan  Stats{rxPackets=0, txPackets=0, rxBytes=0, txBytes=0, rxErrors=0, txErrors=0, rxDropped=0, txDropped=0}\nPort #3 "tnvxlan-vtep"  VXLan  Stats{rxPackets=0, txPackets=0, rxBytes=0, txBytes=0, rxErrors=0, txErrors=0, rxDropped=0, txDropped=0}\n\n== flow dump: mm-dpctl --timeout 10 --dump-dp midonet\n\n0 flows\n\n'
================================
/var/log/midolman.1/midolman.log
================================
&gt;&gt;&gt;&gt; nose.failure.Failure.runTest started
&lt;&lt;&lt;&lt; nose.failure.Failure.runTest ended
&gt;&gt;&gt;&gt; nose.failure.Failure.runTest started
&lt;&lt;&lt;&lt; nose.failure.Failure.runTest ended
&gt;&gt;&gt;&gt; nose.failure.Failure.runTest started
&lt;&lt;&lt;&lt; nose.failure.Failure.runTest ended
&gt;&gt;&gt;&gt; nose.failure.Failure.runTest started
&lt;&lt;&lt;&lt; nose.failure.Failure.runTest ended
&gt;&gt;&gt;&gt; nose.failure.Failure.runTest started
&lt;&lt;&lt;&lt; nose.failure.Failure.runTest ended
&gt;&gt;&gt;&gt; nose.failure.Failure.runTest started
&lt;&lt;&lt;&lt; nose.failure.Failure.runTest ended
================================
/var/log/midolman.2/midolman.log
================================
&gt;&gt;&gt;&gt; nose.failure.Failure.runTest started
&lt;&lt;&lt;&lt; nose.failure.Failure.runTest ended
&gt;&gt;&gt;&gt; nose.failure.Failure.runTest started
&lt;&lt;&lt;&lt; nose.failure.Failure.runTest ended
&gt;&gt;&gt;&gt; nose.failure.Failure.runTest started
&lt;&lt;&lt;&lt; nose.failure.Failure.runTest ended
&gt;&gt;&gt;&gt; nose.failure.Failure.runTest started
&lt;&lt;&lt;&lt; nose.failure.Failure.runTest ended
&gt;&gt;&gt;&gt; nose.failure.Failure.runTest started
&lt;&lt;&lt;&lt; nose.failure.Failure.runTest ended
&gt;&gt;&gt;&gt; nose.failure.Failure.runTest started
&lt;&lt;&lt;&lt; nose.failure.Failure.runTest ended
================================
/var/log/midolman.3/midolman.log
================================
&gt;&gt;&gt;&gt; nose.failure.Failure.runTest started
&lt;&lt;&lt;&lt; nose.failure.Failure.runTest ended
&gt;&gt;&gt;&gt; nose.failure.Failure.runTest started
&lt;&lt;&lt;&lt; nose.failure.Failure.runTest ended
&gt;&gt;&gt;&gt; nose.failure.Failure.runTest started
&lt;&lt;&lt;&lt; nose.failure.Failure.runTest ended
&gt;&gt;&gt;&gt; nose.failure.Failure.runTest started
&lt;&lt;&lt;&lt; nose.failure.Failure.runTest ended
&gt;&gt;&gt;&gt; nose.failure.Failure.runTest started
&lt;&lt;&lt;&lt; nose.failure.Failure.runTest ended
&gt;&gt;&gt;&gt; nose.failure.Failure.runTest started
&lt;&lt;&lt;&lt; nose.failure.Failure.runTest ended
</error></testcase><testcase classname="nose.failure.Failure" name="runTest" time="7.874"><error message="[Errno 111] Connection refused&#10;-------------------- &gt;&gt; begin captured logging &lt;&lt; --------------------&#10;2015-03-09 02:19:33,088 interface#clear_arp(356) VethNs: flushing arp cache: ip neigh flush all&#10;2015-03-09 02:19:33,088 interface#execute(264) VethNs: executing command: ip netns exec ns-if-0001-001 ip neigh flush all&#10;2015-03-09 02:19:33,130 interface#execute(267) Result=''&#10;2015-03-09 02:19:33,130 api_lib#do_request(62) do_request: uri=http://localhost:8080/midonet-api/hosts/00000000-0000-0000-0000-000000000001, method=GET&#10;2015-03-09 02:19:33,131 api_lib#do_request(63) do_request: body=None&#10;2015-03-09 02:19:33,131 api_lib#do_request(64) do_request: headers={'Content-Type': 'application/vnd.org.midonet.Host-v2+json', 'Accept': 'application/vnd.org.midonet.Host-v2+json', 'X-Auth-Token': '999888777666'}&#10;--------------------- &gt;&gt; end captured logging &lt;&lt; ---------------------&#10;&gt;&gt;  raise &lt;module 'socket' from '/usr/lib/python2.7/socket.pyc'&gt;.error, error(111, 'Connection refused')&#10;    &#10;==============&#10;per test logs&#10;==============&#10;======&#10;zkdump&#10;======&#10;Connected to Zookeeper at 10.0.0.2:2181,10.0.0.3:2181,10.0.0.4:2181&#10;&#10;   midonet&#10;      v1&#10;         agents&#10;            ports&#10;         vlan-bridges&#10;         vniCounter/10000&#10;         pool_members&#10;         port_groups&#10;         licenses&#10;         routers&#10;         ip_addr_groups&#10;         load_balancers&#10;         tunnel_zones&#10;            0c679bd3-6bf5-4490-bab9-7fee997e75e9/{&quot;data&quot;:{&quot;name&quot;:&quot;default&quot;,&quot;@type&quot;:&quot;gre&quot;},&quot;version&quot;:&quot;1.9&quot;}&#10;               memberships&#10;                  00000000-0000-0000-0000-000000000001/{&quot;data&quot;:{&quot;ip&quot;:&quot;10.0.0.8&quot;,&quot;@type&quot;:&quot;gre&quot;},&quot;version&quot;:&quot;1.9&quot;}&#10;     
[...]
8777666\'}\n2015-03-09 02:20:22,196 physical_topology_manager#destroy(112) --------------------------------------------------------------------------------\n2015-03-09 02:20:22,196 physical_topology_manager#destroy(113) destroy\n2015-03-09 02:20:22,196 physical_topology_manager#destroy(114) --------------------------------------------------------------------------------\n2015-03-09 02:20:22,196 api_lib#do_request(62) do_request: uri=http://localhost:8080/midonet-api/tunnel_zones, method=GET\n2015-03-09 02:20:22,196 api_lib#do_request(63) do_request: body=None\n2015-03-09 02:20:22,197 api_lib#do_request(64) do_request: headers={\'Accept\': \'application/vnd.org.midonet.collection.TunnelZone-v1+json\', \'X-Auth-Token\': \'999888777666\'}\n--------------------- &gt;&gt; end captured logging &lt;&lt; ---------------------\n&gt;&gt;  raise &lt;module \'socket\' from \'/usr/lib/python2.7/socket.pyc\'&gt;.error, error(111, \'Connection refused\')\n    \n==============\nper test logs\n==============\n======\nzkdump\n======\nConnected to Zookeeper at 10.0.0.2:2181,10.0.0.3:2181,10.0.0.4:2181\n\n   midonet\n      v1\n         agents\n            ports\n         vlan-bridges\n         vniCounter/10000\n         pool_members\n         port_groups\n         licenses\n         routers\n         ip_addr_groups\n         load_balancers\n         tunnel_zones\n            0c679bd3-6bf5-4490-bab9-7fee997e75e9/{"data":{"name":"default","@type":"gre"},"version":"1.9"}\n               memberships\n                  00000000-0000-0000-0000-000000000001/{"data":{"ip":"10.0.0.8","@type":"gre"},"version":"1.9"}\n                  00000000-0000-0000-0000-000000000002/{"data":{"ip":"10.0.0.9","@type":"gre"},"version":"1.9"}\n         write_version/1.9\n         hosts\n            00000000-0000-0000-0000-000000000001/{"data":{"name":"renard","addresses":[],"epoch":1425630777496,"tunnelZones":[]},"version":"1.9"}\n               interfaces\n                  midonet/{"data":{"name":"midonet","type":"Virtual","endpoint":"DATAPATH","mac":"HgqPYCAf","status":0,"mtu":1500,"portType":"Internal","addresses":[],"properties":{}},"version":"1.9"}\n                  lo/{"data":{"name":"lo","type":"Virtual","endpoint":"LOCALHOST","mac":"AAAAAAAA","status":3,"mtu":65536,"portType":null,"addresses":["127.0.0.1","0:0:0:0:0:0:0:1"],"properties":{}},"version":"1.9"}\n                  veth0/{"data":{"name":"veth0","type":"Virtual","endpoint":"UNKNOWN","mac":"JsmB89A4","status":3,"mtu":1500,"portType":null,"addresses":["fe80:0:0:0:24c9:81ff:fef3:d038"],"properties":{}},"version":"1.9"}\n                  veth1/{"data":{"name":"veth1","type":"Virtual","endpoint":"UNKNOWN","mac":"Gkpv8OvH","status":3,"mtu":1500,"portType":null,"addresses":["fe80:0:0:0:184a:6fff:fef0:ebc7"],"properties":{}},"version":"1.9"}\n                  eth1/{"data":{"name":"eth1","type":"Virtual","endpoint":"UNKNOWN","mac":"FiyZqFYm","status":3,"mtu":1500,"portType":null,"addresses":["fe80:0:0:0:142c:99ff:fea8:5626"],"properties":{}},"version":"1.9"}\n                  veth2/{"data":{"name":"veth2","type":"Virtual","endpoint":"UNKNOWN","mac":"zoIlsi9w","status":3,"mtu":1500,"portType":null,"addresses":["fe80:0:0:0:cc82:25ff:feb2:2f70"],"properties":{}},"version":"1.9"}\n                  eth2/{"data":{"name":"eth2","type":"Virtual","endpoint":"UNKNOWN","mac":"Qv+P/ix1","status":3,"mtu":1500,"portType":null,"addresses":["fe80:0:0:0:40ff:8fff:fefe:2c75"],"properties":{}},"version":"1.9"}\n                  if-0001-003/{"data":{"name":"if-0001-003","type":"Virtual","endpoint":"UNKNOWN","mac":"YjQpmClE","status":3,"mtu":65000,"portType":null,"addresses":[],"properties":{}},"version":"1.9"}\n                  if-0001-002/{"data":{"name":"if-0001-002","type":"Virtual","endpoint":"UNKNOWN","mac":"blJ2tVKe","status":3,"mtu":65000,"portType":null,"addresses":[],"properties":{}},"version":"1.9"}\n                  if-0001-001/{"data":{"name":"if-0001-001","type":"Virtual","endpoint":"UNKNOWN","mac":"DltVn6KH","status":3,"mtu":65000,"portType":null,"addresses":[],"properties":{}},"version":"1.9"}\n                  if-0001-007/{"data":{"name":"if-0001-007","type":"Virtual","endpoint":"UNKNOWN","mac":"vpWpJR9r","status":3,"mtu":1500,"portType":null,"addresses":[],"properties":{}},"version":"1.9"}\n                  if-0001-006/{"data":{"name":"if-0001-006","type":"Virtual","endpoint":"UNKNOWN","mac":"WoE/QxEl","status":3,"mtu":1500,"portType":null,"addresses":[],"properties":{}},"version":"1.9"}\n                  if-0001-005/{"data":{"name":"if-0001-005","type":"Virtual","endpoint":"UNKNOWN","mac":"StkgU2Jw","status":3,"mtu":1500,"portType":null,"addresses":[],"properties":{}},"version":"1.9"}\n                  if-0001-004/{"data":{"name":"if-0001-004","type":"Virtual","endpoint":"UNKNOWN","mac":"LuiLOgWb","status":3,"mtu":1500,"portType":null,"addresses":[],"properties":{}},"version":"1.9"}\n                  veth4/{"data":{"name":"veth4","type":"Virtual","endpoint":"UNKNOWN","mac":"JpHKU/BZ","status":3,"mtu":1500,"portType":null,"addresses":["fe80:0:0:0:2491:caff:fe53:f059"],"properties":{}},"version":"1.9"}\n                  veth3/{"data":{"name":"veth3","type":"Virtual","endpoint":"UNKNOWN","mac":"GsEKXHT2","status":3,"mtu":1500,"portType":null,"addresses":["fe80:0:0:0:18c1:aff:fe5c:74f6"],"properties":{}},"version":"1.9"}\n                  eth0/{"data":{"name":"eth0","type":"Virtual","endpoint":"UNKNOWN","mac":"ynCAaZ7U","status":3,"mtu":1500,"portType":null,"addresses":["10.0.0.8","fe80:0:0:0:c870:80ff:fe69:9ed4"],"properties":{}},"version":"1.9"}\n                  veth5/{"data":{"name":"veth5","type":"Virtual","endpoint":"UNKNOWN","mac":"vuMYwiSX","status":3,"mtu":1500,"portType":null,"addresses":["fe80:0:0:0:bce3:18ff:fec2:2497"],"properties":{}},"version":"1.9"}\n               alive\n               tunnel_zones\n                  0c679bd3-6bf5-4490-bab9-7fee997e75e9\n               vrnMappings\n                  ports\n                  datapath/{"data":"midonet","version":"1.9"}\n            00000000-0000-0000-0000-000000000003/{"data":{"name":"renard","addresses":[],"epoch":1425630777408,"tunnelZones":[]},"version":"1.9"}\n               interfaces\n                  midonet/{"data":{"name":"midonet","type":"Virtual","endpoint":"DATAPATH","mac":"Jux3Fd51","status":0,"mtu":1500,"portType":"Internal","addresses":[],"properties":{}},"version":"1.9"}\n                  lo/{"data":{"name":"lo","type":"Virtual","endpoint":"LOCALHOST","mac":"AAAAAAAA","status":3,"mtu":65536,"portType":null,"addresses":["127.0.0.1","0:0:0:0:0:0:0:1"],"properties":{}},"version":"1.9"}\n                  veth0/{"data":{"name":"veth0","type":"Virtual","endpoint":"UNKNOWN","mac":"Eu1OxgyV","status":3,"mtu":1500,"portType":null,"addresses":["fe80:0:0:0:10ed:4eff:fec6:c95"],"properties":{}},"version":"1.9"}\n                  eth0/{"data":{"name":"eth0","type":"Virtual","endpoint":"UNKNOWN","mac":"7oAZRKle","status":3,"mtu":1500,"portType":null,"addresses":["10.0.0.10","fe80:0:0:0:ec80:19ff:fe44:a95e"],"properties":{}},"version":"1.9"}\n               alive\n               tunnel_zones\n               vrnMappings\n                  ports\n                  datapath/{"data":"midonet","version":"1.9"}\n            00000000-0000-0000-0000-000000000002/{"data":{"name":"renard","addresses":[],"epoch":1425630778124,"tunnelZones":[]},"version":"1.9"}\n               interfaces\n                  midonet/{"data":{"name":"midonet","type":"Virtual","endpoint":"DATAPATH","mac":"Mg5y1rjx","status":0,"mtu":1500,"portType":"Internal","addresses":[],"properties":{}},"version":"1.9"}\n                  lo/{"data":{"name":"lo","type":"Virtual","endpoint":"LOCALHOST","mac":"AAAAAAAA","status":3,"mtu":65536,"portType":null,"addresses":["127.0.0.1","0:0:0:0:0:0:0:1"],"properties":{}},"version":"1.9"}\n                  veth0/{"data":{"name":"veth0","type":"Virtual","endpoint":"UNKNOWN","mac":"dtDDUo3R","status":3,"mtu":1500,"portType":null,"addresses":["fe80:0:0:0:74d0:c3ff:fe52:8dd1"],"properties":{}},"version":"1.9"}\n                  veth1/{"data":{"name":"veth1","type":"Virtual","endpoint":"UNKNOWN","mac":"9uqB7+6H","status":3,"mtu":1500,"portType":null,"addresses":["fe80:0:0:0:f4ea:81ff:feef:ee87"],"properties":{}},"version":"1.9"}\n                  eth1/{"data":{"name":"eth1","type":"Virtual","endpoint":"UNKNOWN","mac":"ivJgq7kN","status":3,"mtu":1500,"portType":null,"addresses":["fe80:0:0:0:88f2:60ff:feab:b90d"],"properties":{}},"version":"1.9"}\n                  eth2/{"data":{"name":"eth2","type":"Virtual","endpoint":"UNKNOWN","mac":"jljDWYkf","status":3,"mtu":1500,"portType":null,"addresses":["fe80:0:0:0:8c58:c3ff:fe59:891f"],"properties":{}},"version":"1.9"}\n                  veth2/{"data":{"name":"veth2","type":"Virtual","endpoint":"UNKNOWN","mac":"jt15Giet","status":3,"mtu":1500,"portType":null,"addresses":["fe80:0:0:0:8cdd:79ff:fe1a:27ad"],"properties":{}},"version":"1.9"}\n                  if-0002-005/{"data":{"name":"if-0002-005","type":"Virtual","endpoint":"UNKNOWN","mac":"emknPmio","status":3,"mtu":65000,"portType":null,"addresses":[],"properties":{}},"version":"1.9"}\n                  if-0002-004/{"data":{"name":"if-0002-004","type":"Virtual","endpoint":"UNKNOWN","mac":"ciCz2S1P","status":3,"mtu":1500,"portType":null,"addresses":[],"properties":{}},"version":"1.9"}\n                  if-0002-003/{"data":{"name":"if-0002-003","type":"Virtual","endpoint":"UNKNOWN","mac":"hozsgR8g","status":3,"mtu":65000,"portType":null,"addresses":[],"properties":{}},"version":"1.9"}\n                  if-0002-002/{"data":{"name":"if-0002-002","type":"Virtual","endpoint":"UNKNOWN","mac":"kmmhGQI5","status":3,"mtu":65000,"portType":null,"addresses":[],"properties":{}},"version":"1.9"}\n                  if-0002-001/{"data":{"name":"if-0002-001","type":"Virtual","endpoint":"UNKNOWN","mac":"dtLi8dnP","status":3,"mtu":1500,"portType":null,"addresses":[],"properties":{}},"version":"1.9"}\n                  eth0/{"data":{"name":"eth0","type":"Virtual","endpoint":"UNKNOWN","mac":"8qPs5udh","status":3,"mtu":1500,"portType":null,"addresses":["10.0.0.9","fe80:0:0:0:f0a3:ecff:fee6:e761"],"properties":{}},"version":"1.9"}\n               alive\n               tunnel_zones\n                  0c679bd3-6bf5-4490-bab9-7fee997e75e9\n               vrnMappings\n                  ports\n                  datapath/{"data":"midonet","version":"1.9"}\n         vteps\n         bridges\n            929e085d-f638-492a-be00-7f9671ab663f/{"data":{"properties":{"tenant_id":"08605861-3582-5365-915c-efcc7a589f33"},"tunnelKey":5,"inboundFilter":null,"outboundFilter":null,"vxLanPortId":null,"vxLanPortIds":null,"name":"bridge-000-002","adminStateUp":true},"version":"1.9"}\n               tags\n               ports\n                  34327896-53a3-4a79-94bf-a007c881f399\n               logical-ports\n               mac_ports\n               vlans\n               dhcp\n               ip4_mac_map\n               dhcpV6\n            1a540af6-0020-4212-9c19-86eeacf1b9ee/{"data":{"properties":{"tenant_id":"08605861-3582-5365-915c-efcc7a589f33"},"tunnelKey":1,"inboundFilter":null,"outboundFilter":null,"vxLanPortId":null,"vxLanPortIds":null,"name":"bridge-000-001","adminStateUp":true},"version":"1.9"}\n               tags\n               ports\n                  a98e31ff-ff43-4c24-a0dd-696782adf0ca\n                  2494126b-e06f-4ec2-8667-16f66d068e7a\n                  a0871b2c-7b6b-4044-9f6d-e9487d94b300\n               logical-ports\n               mac_ports\n                  aa:bb:cc:00:11:33,a98e31ff-ff43-4c24-a0dd-696782adf0ca,0000000006\n               vlans\n               dhcp\n                  172.16.1.0_24/{"data":{"subnetAddr":{"type":"IPv4","address":"172.16.1.0","prefixLen":24,"intAddress":-1408237312},"serverAddr":"172.16.1.254","dnsServerAddrs":null,"defaultGateway":"172.16.1.254","interfaceMTU":0,"opt121Routes":[{"rtDstSubnet":{"type":"IPv4","address":"169.254.169.254","prefixLen":32,"intAddress":-1442928130},"gateway":"172.16.1.253"},{"rtDstSubnet":{"type":"IPv4","address":"1.1.1.0","prefixLen":24,"intAddress":16843008},"gateway":"172.16.1.252"}],"enabled":true},"version":"1.9"}\n                     hosts\n                        aa:bb:cc:00:11:55/{"data":{"mac":"aa:bb:cc:00:11:55","ip":"172.16.1.101","name":"host2","extraDhcpOpts":[]},"version":"1.9"}\n                        aa:bb:cc:00:00:55/{"data":{"mac":"aa:bb:cc:00:00:55","ip":"172.16.1.100","name":"host1","extraDhcpOpts":[]},"version":"1.9"}\n               ip4_mac_map\n                  172.16.1.101,aa:bb:cc:00:11:55,0000000001\n                  172.16.1.100,aa:bb:cc:00:00:55,0000000001\n               dhcpV6\n         health_monitors\n         vxlan_port_ids\n         tenants\n            08605861-3582-5365-915c-efcc7a589f33\n         chains\n            989f648d-a4be-4455-a459-071606d47e24/{"data":{"properties":{"tenant_id":"08605861-3582-5365-915c-efcc7a589f33"},"name":"drop_ipv4"},"version":"1.9"}\n               refs\n               rules/{"data":{"ruleList":["2cc9e932-cfa9-47e3-92b3-1de04b1346f3"]},"version":"1.9"}\n         hm_leader\n         bgps\n         pools\n         gre\n            0000000004/{"data":{"ownerId":"a98e31ff-ff43-4c24-a0dd-696782adf0ca"},"version":"1.9"}\n            0000000005/{"data":{"ownerId":"929e085d-f638-492a-be00-7f9671ab663f"},"version":"1.9"}\n            0000000006/{"data":{"ownerId":"34327896-53a3-4a79-94bf-a007c881f399"},"version":"1.9"}\n            0000000000\n            0000000001/{"data":{"ownerId":"1a540af6-0020-4212-9c19-86eeacf1b9ee"},"version":"1.9"}\n            0000000002/{"data":{"ownerId":"a0871b2c-7b6b-4044-9f6d-e9487d94b300"},"version":"1.9"}\n            0000000003/{"data":{"ownerId":"2494126b-e06f-4ec2-8667-16f66d068e7a"},"version":"1.9"}\n         rules\n            2cc9e932-cfa9-47e3-92b3-1de04b1346f3/{"data":{"type":"Literal","condition":{"conjunctionInv":false,"matchForwardFlow":false,"matchReturnFlow":false,"inPortIds":[],"inPortInv":false,"outPortIds":[],"outPortInv":false,"portGroup":null,"invPortGroup":false,"ipAddrGroupIdSrc":null,"invIpAddrGroupIdSrc":false,"ipAddrGroupIdDst":null,"invIpAddrGroupIdDst":false,"etherType":2048,"invDlType":false,"ethSrc":null,"ethSrcMask":-1,"invDlSrc":false,"ethDst":null,"dlDstMask":-1,"invDlDst":false,"nwTos":null,"nwTosInv":false,"nwProto":null,"nwProtoInv":false,"nwSrcIp":null,"nwDstIp":null,"tpSrc":null,"tpDst":null,"nwSrcInv":false,"nwDstInv":false,"tpSrcInv":false,"tpDstInv":false,"traversedDevice":null,"traversedDeviceInv":false,"_traversedDeviceTag":null,"fragmentPolicy":"ANY"},"action":"DROP","chainId":"989f648d-a4be-4455-a459-071606d47e24","properties":{},"meterName":null},"version":"1.9"}\n         ad_routes\n         versions\n            1.9\n               00000000-0000-0000-0000-000000000001\n               00000000-0000-0000-0000-000000000003\n               00000000-0000-0000-0000-000000000002\n         ports\n            a98e31ff-ff43-4c24-a0dd-696782adf0ca/{"data":{"type":"BridgePort","properties":{},"device_id":"1a540af6-0020-4212-9c19-86eeacf1b9ee","adminStateUp":true,"inboundFilter":null,"outboundFilter":null,"portGroupIDs":[],"tunnelKey":4,"hostId":null,"interfaceName":null,"peerId":null,"v1ApiType":null,"vlanId":null},"version":"1.9"}\n               active\n            2494126b-e06f-4ec2-8667-16f66d068e7a/{"data":{"type":"BridgePort","properties":{},"device_id":"1a540af6-0020-4212-9c19-86eeacf1b9ee","adminStateUp":true,"inboundFilter":null,"outboundFilter":null,"portGroupIDs":[],"tunnelKey":3,"hostId":null,"interfaceName":null,"peerId":null,"v1ApiType":null,"vlanId":null},"version":"1.9"}\n               active\n            34327896-53a3-4a79-94bf-a007c881f399/{"data":{"type":"BridgePort","properties":{},"device_id":"929e085d-f638-492a-be00-7f9671ab663f","adminStateUp":true,"inboundFilter":null,"outboundFilter":null,"portGroupIDs":[],"tunnelKey":6,"hostId":null,"interfaceName":null,"peerId":null,"v1ApiType":null,"vlanId":null},"version":"1.9"}\n               active\n            a0871b2c-7b6b-4044-9f6d-e9487d94b300/{"data":{"type":"BridgePort","properties":{},"device_id":"1a540af6-0020-4212-9c19-86eeacf1b9ee","adminStateUp":true,"inboundFilter":null,"outboundFilter":null,"portGroupIDs":[],"tunnelKey":2,"hostId":null,"interfaceName":null,"peerId":null,"v1ApiType":null,"vlanId":null},"version":"1.9"}\n               active\n         system_state\n         routes\n         pool_health_monitor_mappings\n         locks\n         nat\n         neutron\n            networks\n            ports\n            floating_ips\n            security_group_rules\n            loadbalancer\n               health_monitors\n               pools\n               members\n               vips\n            routers\n            security_groups\n            subnets\n         filters\n            a98e31ff-ff43-4c24-a0dd-696782adf0ca\n            2494126b-e06f-4ec2-8667-16f66d068e7a\n            34327896-53a3-4a79-94bf-a007c881f399\n            929e085d-f638-492a-be00-7f9671ab663f\n            a0871b2c-7b6b-4044-9f6d-e9487d94b300\n            1a540af6-0020-4212-9c19-86eeacf1b9ee\n         vips\n      vxgw\n         leader-latch\n\n==========\nmidolman.1\n==========\n\n== DP status: mm-dpctl --timeout 10 --show-dp midonet\n\nDatapath name   : midonet\nDatapath index : 2\nDatapath Stats: \n  Flows :0\n  Hits  :29\n  Lost  :0\n  Misses:35\nPort #0 "midonet"  Internal  Stats{rxPackets=0, txPackets=0, rxBytes=0, txBytes=0, rxErrors=0, txErrors=0, rxDropped=0, txDropped=0}\nPort #1 "tngre-overlay"  Gre  Stats{rxPackets=13, txPackets=24, rxBytes=1050, txBytes=1461, rxErrors=0, txErrors=0, rxDropped=0, txDropped=0}\nPort #2 "tnvxlan-overlay"  VXLan  Stats{rxPackets=0, txPackets=0, rxBytes=0, txBytes=0, rxErrors=0, txErrors=0, rxDropped=0, txDropped=0}\nPort #3 "tnvxlan-vtep"  VXLan  Stats{rxPackets=0, txPackets=0, rxBytes=0, txBytes=0, rxErrors=0, txErrors=0, rxDropped=0, txDropped=0}\n\n== flow dump: mm-dpctl --timeout 10 --dump-dp midonet\n\n0 flows\n\n==========\nmidolman.2\n==========\n\n== DP status: mm-dpctl --timeout 10 --show-dp midonet\n\nDatapath name   : midonet\nDatapath index : 2\nDatapath Stats: \n  Flows :0\n  Hits  :18\n  Lost  :0\n  Misses:22\nPort #0 "midonet"  Internal  Stats{rxPackets=0, txPackets=0, rxBytes=0, txBytes=0, rxErrors=0, txErrors=0, rxDropped=0, txDropped=0}\nPort #1 "tngre-overlay"  Gre  Stats{rxPackets=24, txPackets=13, rxBytes=1269, txBytes=1154, rxErrors=0, txErrors=0, rxDropped=0, txDropped=0}\nPort #2 "tnvxlan-overlay"  VXLan  Stats{rxPackets=0, txPackets=0, rxBytes=0, txBytes=0, rxErrors=0, txErrors=0, rxDropped=0, txDropped=0}\nPort #3 "tnvxlan-vtep"  VXLan  Stats{rxPackets=0, txPackets=0, rxBytes=0, txBytes=0, rxErrors=0, txErrors=0, rxDropped=0, txDropped=0}\n\n== flow dump: mm-dpctl --timeout 10 --dump-dp midonet\n\n0 flows\n\n==========\nmidolman.3\n==========\n\n== DP status: mm-dpctl --timeout 10 --show-dp midonet\n\nDatapath name   : midonet\nDatapath index : 2\nDatapath Stats: \n  Flows :0\n  Hits  :0\n  Lost  :0\n  Misses:0\nPort #0 "midonet"  Internal  Stats{rxPackets=0, txPackets=0, rxBytes=0, txBytes=0, rxErrors=0, txErrors=0, rxDropped=0, txDropped=0}\nPort #1 "tngre-overlay"  Gre  Stats{rxPackets=0, txPackets=0, rxBytes=0, txBytes=0, rxErrors=0, txErrors=0, rxDropped=0, txDropped=0}\nPort #2 "tnvxlan-overlay"  VXLan  Stats{rxPackets=0, txPackets=0, rxBytes=0, txBytes=0, rxErrors=0, txErrors=0, rxDropped=0, txDropped=0}\nPort #3 "tnvxlan-vtep"  VXLan  Stats{rxPackets=0, txPackets=0, rxBytes=0, txBytes=0, rxErrors=0, txErrors=0, rxDropped=0, txDropped=0}\n\n== flow dump: mm-dpctl --timeout 10 --dump-dp midonet\n\n0 flows\n\n'
================================
/var/log/midolman.1/midolman.log
================================
================================
/var/log/midolman.2/midolman.log
================================
================================
/var/log/midolman.3/midolman.log
================================
</error></testcase></testsuite>